#
# There is insufficient memory for the Java Runtime Environment to continue.
# Native memory allocation (malloc) failed to allocate 2058416 bytes for Chunk::new
# Possible reasons:
#   The system is out of physical RAM or swap space
#   The process is running with CompressedOops enabled, and the Java Heap may be blocking the growth of the native heap
# Possible solutions:
#   Reduce memory load on the system
#   Increase physical memory or swap space
#   Check if swap backing store is full
#   Decrease Java heap size (-Xmx/-Xms)
#   Decrease number of Java threads
#   Decrease Java thread stack sizes (-Xss)
#   Set larger code cache with -XX:ReservedCodeCacheSize=
#   JVM is running with Unscaled Compressed Oops mode in which the Java heap is
#     placed in the first 4GB address space. The Java Heap base address is the
#     maximum limit for the native heap growth. Please use -XX:HeapBaseMinAddress
#     to set the Java Heap base and to place the Java Heap above 4GB virtual address.
# This output file may be truncated or incomplete.
#
#  Out of Memory Error (arena.cpp:184), pid=17144, tid=29412
#
# JRE version: Java(TM) SE Runtime Environment (19.0+36) (build 19+36-2238)
# Java VM: Java HotSpot(TM) 64-Bit Server VM (19+36-2238, mixed mode, sharing, tiered, compressed oops, compressed class ptrs, g1 gc, windows-amd64)
# No core dump will be written. Minidumps are not enabled by default on client versions of Windows
#

---------------  S U M M A R Y ------------

Command Line: -XX:MaxMetaspaceSize=512m --add-opens=java.base/java.util=ALL-UNNAMED --add-opens=java.base/java.lang=ALL-UNNAMED --add-opens=java.base/java.lang.invoke=ALL-UNNAMED --add-opens=java.prefs/java.util.prefs=ALL-UNNAMED --add-exports=jdk.compiler/com.sun.tools.javac.api=ALL-UNNAMED --add-exports=jdk.compiler/com.sun.tools.javac.util=ALL-UNNAMED --add-opens=java.base/java.nio.charset=ALL-UNNAMED --add-opens=java.base/java.net=ALL-UNNAMED --add-opens=java.base/java.util.concurrent.atomic=ALL-UNNAMED -Xmx2048m -Dfile.encoding=UTF-8 -Duser.country=IN -Duser.language=en -Duser.variant -javaagent:C:\Users\pc\.gradle\wrapper\dists\gradle-8.9-all\6m0mbzute7p0zdleavqlib88a\gradle-8.9\lib\agents\gradle-instrumentation-agent-8.9.jar org.gradle.launcher.daemon.bootstrap.GradleDaemon 8.9

Host: AMD Ryzen 5 4600H with Radeon Graphics         , 12 cores, 7G,  Windows 11 , 64 bit Build 22621 (10.0.22621.2841)
Time: Fri Oct  4 16:53:35 2024 Sri Lanka Standard Time elapsed time: 68.798361 seconds (0d 0h 1m 8s)

---------------  T H R E A D  ---------------

Current thread (0x00000200dba7cca0):  JavaThread "C2 CompilerThread0" daemon [_thread_in_native, id=29412, stack(0x0000006235f00000,0x0000006236000000)]


Current CompileTask:
C2:  68798 11802       4       org.gradle.internal.instantiation.generator.AbstractClassGenerator::inspectType (560 bytes)

Stack: [0x0000006235f00000,0x0000006236000000]
Native frames: (J=compiled Java code, j=interpreted, Vv=VM code, C=native code)
V  [jvm.dll+0x6ee8fa]
V  [jvm.dll+0x857a1e]
V  [jvm.dll+0x85940e]
V  [jvm.dll+0x859ac3]
V  [jvm.dll+0x28291f]
V  [jvm.dll+0xc9b5f]
V  [jvm.dll+0xc9ee5]
V  [jvm.dll+0x3bcb72]
V  [jvm.dll+0x1ee12a]
V  [jvm.dll+0x24c41b]
V  [jvm.dll+0x24b671]
V  [jvm.dll+0x1d6d61]
V  [jvm.dll+0x25b0fa]
V  [jvm.dll+0x259588]
V  [jvm.dll+0x807928]
V  [jvm.dll+0x8015fa]
V  [jvm.dll+0x6ed5eb]
C  [ucrtbase.dll+0x29363]
C  [KERNEL32.DLL+0x1257d]
C  [ntdll.dll+0x5aa58]


---------------  P R O C E S S  ---------------

Threads class SMR info:
_java_thread_list=0x00000200e542be10, length=188, elements={
0x00000200bcd79590, 0x00000200dba66440, 0x00000200dba673d0, 0x00000200dba6e4d0,
0x00000200dba70e10, 0x00000200dba72220, 0x00000200dba74030, 0x00000200dba7cca0,
0x00000200dba802a0, 0x00000200dba84030, 0x00000200dba36c80, 0x00000200dfe19850,
0x00000200e09e4ee0, 0x00000200e0de8bc0, 0x00000200e01b16b0, 0x00000200e0f479a0,
0x00000200e093c020, 0x00000200e0d80900, 0x00000200e0db8ef0, 0x00000200e0aeb050,
0x00000200e0aec590, 0x00000200e0aed580, 0x00000200e0aea5b0, 0x00000200e0aea060,
0x00000200e0aeab00, 0x00000200e0aebaf0, 0x00000200e0aec040, 0x00000200e0aed030,
0x00000200e0aecae0, 0x00000200e2677680, 0x00000200e2676be0, 0x00000200e267a100,
0x00000200e267c630, 0x00000200e267b0f0, 0x00000200e267cb80, 0x00000200e2678bc0,
0x00000200e2678120, 0x00000200e267b640, 0x00000200e2676140, 0x00000200e2678670,
0x00000200e2676690, 0x00000200e2679660, 0x00000200e2679bb0, 0x00000200e267a650,
0x00000200e43873b0, 0x00000200e4387900, 0x00000200e4386910, 0x00000200e43833f0,
0x00000200e4382ea0, 0x00000200e4381eb0, 0x00000200e4387e50, 0x00000200e43863c0,
0x00000200e43883a0, 0x00000200e4385e70, 0x00000200e4389390, 0x00000200e43888f0,
0x00000200e4382400, 0x00000200e4388e40, 0x00000200e4381960, 0x00000200e4386e60,
0x00000200e4383e90, 0x00000200e4383940, 0x00000200e43843e0, 0x00000200e4382950,
0x00000200e43853d0, 0x00000200e4384930, 0x00000200e4384e80, 0x00000200e4385920,
0x00000200e3baf380, 0x00000200e3bb6db0, 0x00000200e3bb2350, 0x00000200e3bafe20,
0x00000200e3baf8d0, 0x00000200e3bb18b0, 0x00000200e3bb3890, 0x00000200e3bb3340,
0x00000200e3bb1e00, 0x00000200e3bb4330, 0x00000200e3bb5dc0, 0x00000200e52cd370,
0x00000200e52d1880, 0x00000200e52d0de0, 0x00000200e52cb8e0, 0x00000200e52d1dd0,
0x00000200e52d0340, 0x00000200e52cd8c0, 0x00000200e52cee00, 0x00000200e52cf350,
0x00000200e52cae40, 0x00000200e52cc8d0, 0x00000200e52cde10, 0x00000200e52cbe30,
0x00000200e52d1330, 0x00000200e52cb390, 0x00000200e52d0890, 0x00000200e52cc380,
0x00000200e52cce20, 0x00000200e52ce8b0, 0x00000200e52d2320, 0x00000200e52d2870,
0x00000200e52ce360, 0x00000200e52cf8a0, 0x00000200e52cfdf0, 0x00000200e4620550,
0x00000200e461fab0, 0x00000200e461e570, 0x00000200e461b5a0, 0x00000200e461f010,
0x00000200e461d030, 0x00000200e461e020, 0x00000200e461d580, 0x00000200e4620aa0,
0x00000200e461dad0, 0x00000200e4620ff0, 0x00000200e461baf0, 0x00000200e461a5b0,
0x00000200e461b050, 0x00000200e4621a90, 0x00000200e461eac0, 0x00000200e461cae0,
0x00000200e4620000, 0x00000200e461f560, 0x00000200e4621540, 0x00000200e461a060,
0x00000200e461ab00, 0x00000200e461c040, 0x00000200e461c590, 0x00000200dfc45180,
0x00000200dfc486a0, 0x00000200dfc41710, 0x00000200dfc411c0, 0x00000200dfc48150,
0x00000200dfc47160, 0x00000200dfc421b0, 0x00000200dfc446e0, 0x00000200dfc436f0,
0x00000200dfc43c40, 0x00000200dfc46c10, 0x00000200dfc44190, 0x00000200dfc46170,
0x00000200dfc42700, 0x00000200dfc42c50, 0x00000200dfc431a0, 0x00000200dfc466c0,
0x00000200dfc47c00, 0x00000200dfc41c60, 0x00000200dfc40c70, 0x00000200dfc44c30,
0x00000200dfc456d0, 0x00000200dfc45c20, 0x00000200dfc476b0, 0x00000200e360e090,
0x00000200e360e5e0, 0x00000200e360fb20, 0x00000200e36090e0, 0x00000200e3608b90,
0x00000200e36080f0, 0x00000200e360ab70, 0x00000200e360b0c0, 0x00000200e360a620,
0x00000200e3609630, 0x00000200e360b610, 0x00000200e360f5d0, 0x00000200e360bb60,
0x00000200e360c0b0, 0x00000200e360eb30, 0x00000200e360c600, 0x00000200e3608640,
0x00000200e3609b80, 0x00000200e360a0d0, 0x00000200e360cb50, 0x00000200e360db40,
0x00000200e3a2c590, 0x00000200e3a2b050, 0x00000200e3a2b5a0, 0x00000200e3a29b10,
0x00000200e3a2fab0, 0x00000200e3a2d580, 0x00000200e3a30000, 0x00000200e3a2cae0,
0x00000200e3a2d030, 0x00000200e3a2f560, 0x00000200e3a2e570, 0x00000200e3a30ff0,
0x00000200e3a2dad0, 0x00000200e3a31540, 0x00000200e3a2a060, 0x00000200e3a2f010
}

Java Threads: ( => current thread )
  0x00000200bcd79590 JavaThread "main" [_thread_blocked, id=30336, stack(0x0000006235200000,0x0000006235300000)]
  0x00000200dba66440 JavaThread "Reference Handler" daemon [_thread_blocked, id=11156, stack(0x0000006235900000,0x0000006235a00000)]
  0x00000200dba673d0 JavaThread "Finalizer" daemon [_thread_blocked, id=17552, stack(0x0000006235a00000,0x0000006235b00000)]
  0x00000200dba6e4d0 JavaThread "Signal Dispatcher" daemon [_thread_blocked, id=26000, stack(0x0000006235b00000,0x0000006235c00000)]
  0x00000200dba70e10 JavaThread "Attach Listener" daemon [_thread_blocked, id=1824, stack(0x0000006235c00000,0x0000006235d00000)]
  0x00000200dba72220 JavaThread "Service Thread" daemon [_thread_blocked, id=33000, stack(0x0000006235d00000,0x0000006235e00000)]
  0x00000200dba74030 JavaThread "Monitor Deflation Thread" daemon [_thread_blocked, id=35312, stack(0x0000006235e00000,0x0000006235f00000)]
=>0x00000200dba7cca0 JavaThread "C2 CompilerThread0" daemon [_thread_in_native, id=29412, stack(0x0000006235f00000,0x0000006236000000)]
  0x00000200dba802a0 JavaThread "C1 CompilerThread0" daemon [_thread_in_native, id=20208, stack(0x0000006236000000,0x0000006236100000)]
  0x00000200dba84030 JavaThread "Sweeper thread" daemon [_thread_blocked, id=11928, stack(0x0000006236100000,0x0000006236200000)]
  0x00000200dba36c80 JavaThread "Common-Cleaner" daemon [_thread_blocked, id=38140, stack(0x0000006236200000,0x0000006236300000)]
  0x00000200dfe19850 JavaThread "Notification Thread" daemon [_thread_blocked, id=39012, stack(0x0000006236300000,0x0000006236400000)]
  0x00000200e09e4ee0 JavaThread "Daemon health stats" [_thread_blocked, id=39016, stack(0x0000006236900000,0x0000006236a00000)]
  0x00000200e0de8bc0 JavaThread "Incoming local TCP Connector on port 52992" [_thread_in_native, id=19712, stack(0x0000006236a00000,0x0000006236b00000)]
  0x00000200e01b16b0 JavaThread "Daemon periodic checks" [_thread_blocked, id=15428, stack(0x0000006236b00000,0x0000006236c00000)]
  0x00000200e0f479a0 JavaThread "Daemon" [_thread_blocked, id=4772, stack(0x0000006236c00000,0x0000006236d00000)]
  0x00000200e093c020 JavaThread "Handler for socket connection from /127.0.0.1:52992 to /127.0.0.1:52993" [_thread_in_native, id=40396, stack(0x0000006236d00000,0x0000006236e00000)]
  0x00000200e0d80900 JavaThread "Cancel handler" [_thread_blocked, id=14680, stack(0x0000006236e00000,0x0000006236f00000)]
  0x00000200e0db8ef0 JavaThread "Daemon worker" [_thread_in_native, id=15832, stack(0x0000006236f00000,0x0000006237000000)]
  0x00000200e0aeb050 JavaThread "Asynchronous log dispatcher for DefaultDaemonConnection: socket connection from /127.0.0.1:52992 to /127.0.0.1:52993" [_thread_blocked, id=29656, stack(0x0000006237000000,0x0000006237100000)]
  0x00000200e0aec590 JavaThread "Stdin handler" [_thread_blocked, id=5420, stack(0x0000006237100000,0x0000006237200000)]
  0x00000200e0aed580 JavaThread "Daemon client event forwarder" [_thread_blocked, id=30104, stack(0x0000006237200000,0x0000006237300000)]
  0x00000200e0aea5b0 JavaThread "Cache worker for journal cache (C:\Users\pc\.gradle\caches\journal-1)" [_thread_blocked, id=34112, stack(0x0000006237800000,0x0000006237900000)]
  0x00000200e0aea060 JavaThread "File lock request listener" [_thread_in_native, id=35236, stack(0x0000006237900000,0x0000006237a00000)]
  0x00000200e0aeab00 JavaThread "Cache worker for file hash cache (C:\Users\pc\.gradle\caches\8.9\fileHashes)" [_thread_blocked, id=16112, stack(0x0000006237a00000,0x0000006237b00000)]
  0x00000200e0aebaf0 JavaThread "Cache worker for file hash cache (D:\Projects\AgoraRNApp\App\android\.gradle\8.9\fileHashes)" [_thread_blocked, id=18156, stack(0x0000006237e00000,0x0000006237f00000)]
  0x00000200e0aec040 JavaThread "Cache worker for Build Output Cleanup Cache (D:\Projects\AgoraRNApp\App\android\.gradle\buildOutputCleanup)" [_thread_blocked, id=40604, stack(0x0000006237f00000,0x0000006238000000)]
  0x00000200e0aed030 JavaThread "File watcher server" daemon [_thread_in_native, id=11956, stack(0x0000006238000000,0x0000006238100000)]
  0x00000200e0aecae0 JavaThread "File watcher consumer" daemon [_thread_in_vm, id=6300, stack(0x0000006238100000,0x0000006238200000)]
  0x00000200e2677680 JavaThread "Cache worker for checksums cache (D:\Projects\AgoraRNApp\App\android\.gradle\8.9\checksums)" [_thread_blocked, id=38272, stack(0x0000006237b00000,0x0000006237c00000)]
  0x00000200e2676be0 JavaThread "Cache worker for file content cache (C:\Users\pc\.gradle\caches\8.9\fileContent)" [_thread_blocked, id=36620, stack(0x0000006238200000,0x0000006238300000)]
  0x00000200e267a100 JavaThread "Cache worker for cache directory md-rule (C:\Users\pc\.gradle\caches\8.9\md-rule)" [_thread_blocked, id=29676, stack(0x0000006238400000,0x0000006238500000)]
  0x00000200e267c630 JavaThread "Cache worker for cache directory md-supplier (C:\Users\pc\.gradle\caches\8.9\md-supplier)" [_thread_blocked, id=24584, stack(0x0000006238300000,0x0000006238400000)]
  0x00000200e267b0f0 JavaThread "jar transforms" [_thread_blocked, id=10856, stack(0x0000006238700000,0x0000006238800000)]
  0x00000200e267cb80 JavaThread "Cache worker for Build Output Cleanup Cache (D:\Projects\AgoraRNApp\App\node_modules\@react-native\gradle-plugin\.gradle\buildOutputCleanup)" [_thread_blocked, id=1644, stack(0x0000006238600000,0x0000006238700000)]
  0x00000200e2678bc0 JavaThread "Unconstrained build operations" [_thread_blocked, id=34560, stack(0x0000006238800000,0x0000006238900000)]
  0x00000200e2678120 JavaThread "Unconstrained build operations Thread 2" [_thread_blocked, id=17480, stack(0x0000006238900000,0x0000006238a00000)]
  0x00000200e267b640 JavaThread "Unconstrained build operations Thread 3" [_thread_blocked, id=38736, stack(0x0000006238a00000,0x0000006238b00000)]
  0x00000200e2676140 JavaThread "Unconstrained build operations Thread 4" [_thread_blocked, id=2808, stack(0x0000006238b00000,0x0000006238c00000)]
  0x00000200e2678670 JavaThread "Unconstrained build operations Thread 5" [_thread_blocked, id=7976, stack(0x0000006238c00000,0x0000006238d00000)]
  0x00000200e2676690 JavaThread "Unconstrained build operations Thread 6" [_thread_blocked, id=18640, stack(0x0000006238d00000,0x0000006238e00000)]
  0x00000200e2679660 JavaThread "Unconstrained build operations Thread 7" [_thread_blocked, id=24652, stack(0x0000006238e00000,0x0000006238f00000)]
  0x00000200e2679bb0 JavaThread "Unconstrained build operations Thread 8" [_thread_blocked, id=13940, stack(0x0000006238f00000,0x0000006239000000)]
  0x00000200e267a650 JavaThread "Unconstrained build operations Thread 9" [_thread_blocked, id=27596, stack(0x0000006239000000,0x0000006239100000)]
  0x00000200e43873b0 JavaThread "Unconstrained build operations Thread 10" [_thread_blocked, id=1528, stack(0x0000006239100000,0x0000006239200000)]
  0x00000200e4387900 JavaThread "Unconstrained build operations Thread 11" [_thread_blocked, id=20416, stack(0x0000006239200000,0x0000006239300000)]
  0x00000200e4386910 JavaThread "Unconstrained build operations Thread 12" [_thread_blocked, id=32188, stack(0x0000006239300000,0x0000006239400000)]
  0x00000200e43833f0 JavaThread "Unconstrained build operations Thread 13" [_thread_blocked, id=35388, stack(0x0000006239400000,0x0000006239500000)]
  0x00000200e4382ea0 JavaThread "Unconstrained build operations Thread 14" [_thread_blocked, id=11520, stack(0x0000006239500000,0x0000006239600000)]
  0x00000200e4381eb0 JavaThread "Unconstrained build operations Thread 15" [_thread_blocked, id=37880, stack(0x0000006239600000,0x0000006239700000)]
  0x00000200e4387e50 JavaThread "Unconstrained build operations Thread 16" [_thread_blocked, id=23976, stack(0x0000006239700000,0x0000006239800000)]
  0x00000200e43863c0 JavaThread "Unconstrained build operations Thread 17" [_thread_blocked, id=5928, stack(0x0000006239800000,0x0000006239900000)]
  0x00000200e43883a0 JavaThread "Unconstrained build operations Thread 18" [_thread_blocked, id=33780, stack(0x0000006239900000,0x0000006239a00000)]
  0x00000200e4385e70 JavaThread "Unconstrained build operations Thread 19" [_thread_blocked, id=16440, stack(0x0000006239a00000,0x0000006239b00000)]
  0x00000200e4389390 JavaThread "Unconstrained build operations Thread 20" [_thread_blocked, id=23960, stack(0x0000006239b00000,0x0000006239c00000)]
  0x00000200e43888f0 JavaThread "Unconstrained build operations Thread 21" [_thread_blocked, id=11044, stack(0x0000006239c00000,0x0000006239d00000)]
  0x00000200e4382400 JavaThread "Unconstrained build operations Thread 22" [_thread_blocked, id=25504, stack(0x0000006239d00000,0x0000006239e00000)]
  0x00000200e4388e40 JavaThread "Unconstrained build operations Thread 23" [_thread_blocked, id=19024, stack(0x0000006239e00000,0x0000006239f00000)]
  0x00000200e4381960 JavaThread "Unconstrained build operations Thread 24" [_thread_blocked, id=424, stack(0x0000006239f00000,0x000000623a000000)]
  0x00000200e4386e60 JavaThread "Unconstrained build operations Thread 25" [_thread_blocked, id=4608, stack(0x000000623a000000,0x000000623a100000)]
  0x00000200e4383e90 JavaThread "Unconstrained build operations Thread 26" [_thread_blocked, id=34484, stack(0x000000623a100000,0x000000623a200000)]
  0x00000200e4383940 JavaThread "Unconstrained build operations Thread 27" [_thread_blocked, id=13456, stack(0x000000623a200000,0x000000623a300000)]
  0x00000200e43843e0 JavaThread "Unconstrained build operations Thread 28" [_thread_blocked, id=33504, stack(0x000000623a300000,0x000000623a400000)]
  0x00000200e4382950 JavaThread "Unconstrained build operations Thread 29" [_thread_blocked, id=28628, stack(0x000000623a400000,0x000000623a500000)]
  0x00000200e43853d0 JavaThread "Unconstrained build operations Thread 30" [_thread_blocked, id=38492, stack(0x000000623a500000,0x000000623a600000)]
  0x00000200e4384930 JavaThread "Unconstrained build operations Thread 31" [_thread_blocked, id=28316, stack(0x000000623a600000,0x000000623a700000)]
  0x00000200e4384e80 JavaThread "Unconstrained build operations Thread 32" [_thread_blocked, id=38216, stack(0x000000623a700000,0x000000623a800000)]
  0x00000200e4385920 JavaThread "Unconstrained build operations Thread 33" [_thread_blocked, id=25748, stack(0x000000623a800000,0x000000623a900000)]
  0x00000200e3baf380 JavaThread "Unconstrained build operations Thread 34" [_thread_blocked, id=40280, stack(0x000000623a900000,0x000000623aa00000)]
  0x00000200e3bb6db0 JavaThread "Unconstrained build operations Thread 35" [_thread_blocked, id=15004, stack(0x000000623aa00000,0x000000623ab00000)]
  0x00000200e3bb2350 JavaThread "Unconstrained build operations Thread 36" [_thread_blocked, id=17996, stack(0x000000623ab00000,0x000000623ac00000)]
  0x00000200e3bafe20 JavaThread "Unconstrained build operations Thread 37" [_thread_blocked, id=10312, stack(0x000000623ac00000,0x000000623ad00000)]
  0x00000200e3baf8d0 JavaThread "Unconstrained build operations Thread 38" [_thread_blocked, id=10500, stack(0x000000623ad00000,0x000000623ae00000)]
  0x00000200e3bb18b0 JavaThread "Unconstrained build operations Thread 39" [_thread_blocked, id=11488, stack(0x000000623ae00000,0x000000623af00000)]
  0x00000200e3bb3890 JavaThread "Memory manager" [_thread_blocked, id=12536, stack(0x0000006238500000,0x0000006238600000)]
  0x00000200e3bb3340 JavaThread "build event listener" [_thread_blocked, id=35304, stack(0x000000623b000000,0x000000623b100000)]
  0x00000200e3bb1e00 JavaThread "ForkJoinPool.commonPool-worker-1" daemon [_thread_blocked, id=13560, stack(0x000000623b300000,0x000000623b400000)]
  0x00000200e3bb4330 JavaThread "ForkJoinPool.commonPool-worker-2" daemon [_thread_blocked, id=35440, stack(0x000000623b400000,0x000000623b500000)]
  0x00000200e3bb5dc0 JavaThread "ForkJoinPool.commonPool-worker-3" daemon [_thread_blocked, id=4512, stack(0x000000623b500000,0x000000623b600000)]
  0x00000200e52cd370 JavaThread "ForkJoinPool.commonPool-worker-4" daemon [_thread_blocked, id=20076, stack(0x000000623b600000,0x000000623b700000)]
  0x00000200e52d1880 JavaThread "ForkJoinPool.commonPool-worker-5" daemon [_thread_blocked, id=7268, stack(0x000000623b700000,0x000000623b800000)]
  0x00000200e52d0de0 JavaThread "ForkJoinPool.commonPool-worker-6" daemon [_thread_blocked, id=32520, stack(0x000000623b800000,0x000000623b900000)]
  0x00000200e52cb8e0 JavaThread "ForkJoinPool.commonPool-worker-7" daemon [_thread_blocked, id=18260, stack(0x000000623b900000,0x000000623ba00000)]
  0x00000200e52d1dd0 JavaThread "ForkJoinPool.commonPool-worker-8" daemon [_thread_blocked, id=34752, stack(0x000000623ba00000,0x000000623bb00000)]
  0x00000200e52d0340 JavaThread "ForkJoinPool.commonPool-worker-9" daemon [_thread_blocked, id=16556, stack(0x000000623bb00000,0x000000623bc00000)]
  0x00000200e52cd8c0 JavaThread "ForkJoinPool.commonPool-worker-10" daemon [_thread_blocked, id=30136, stack(0x000000623bc00000,0x000000623bd00000)]
  0x00000200e52cee00 JavaThread "Exec process" daemon [_thread_blocked, id=7668, stack(0x000000623bd00000,0x000000623be00000)]
  0x00000200e52cf350 JavaThread "Exec process Thread 2" daemon [_thread_blocked, id=16908, stack(0x000000623be00000,0x000000623bf00000)]
  0x00000200e52cae40 JavaThread "Exec process Thread 3" daemon [_thread_blocked, id=22044, stack(0x000000623bf00000,0x000000623c000000)]
  0x00000200e52cc8d0 JavaThread "included builds" [_thread_blocked, id=22792, stack(0x000000623c000000,0x000000623c100000)]
  0x00000200e52cde10 JavaThread "Execution worker" [_thread_blocked, id=29252, stack(0x000000623c100000,0x000000623c200000)]
  0x00000200e52cbe30 JavaThread "Execution worker Thread 2" [_thread_blocked, id=11460, stack(0x000000623c200000,0x000000623c300000)]
  0x00000200e52d1330 JavaThread "Execution worker Thread 3" [_thread_blocked, id=16728, stack(0x000000623c300000,0x000000623c400000)]
  0x00000200e52cb390 JavaThread "Execution worker Thread 4" [_thread_blocked, id=12124, stack(0x000000623c400000,0x000000623c500000)]
  0x00000200e52d0890 JavaThread "Execution worker Thread 5" [_thread_blocked, id=36568, stack(0x000000623c500000,0x000000623c600000)]
  0x00000200e52cc380 JavaThread "Execution worker Thread 6" [_thread_blocked, id=22352, stack(0x000000623c600000,0x000000623c700000)]
  0x00000200e52cce20 JavaThread "Execution worker Thread 7" [_thread_blocked, id=39556, stack(0x000000623c700000,0x000000623c800000)]
  0x00000200e52ce8b0 JavaThread "Execution worker Thread 8" [_thread_blocked, id=31028, stack(0x000000623c800000,0x000000623c900000)]
  0x00000200e52d2320 JavaThread "Execution worker Thread 9" [_thread_blocked, id=21888, stack(0x000000623c900000,0x000000623ca00000)]
  0x00000200e52d2870 JavaThread "Execution worker Thread 10" [_thread_blocked, id=30416, stack(0x000000623ca00000,0x000000623cb00000)]
  0x00000200e52ce360 JavaThread "Execution worker Thread 11" [_thread_blocked, id=8, stack(0x000000623cb00000,0x000000623cc00000)]
  0x00000200e52cf8a0 JavaThread "Cache worker for execution history cache (D:\Projects\AgoraRNApp\App\node_modules\@react-native\gradle-plugin\.gradle\8.9\executionHistory)" [_thread_blocked, id=27760, stack(0x000000623cc00000,0x000000623cd00000)]
  0x00000200e52cfdf0 JavaThread "Unconstrained build operations Thread 40" [_thread_blocked, id=20192, stack(0x000000623af00000,0x000000623b000000)]
  0x00000200e4620550 JavaThread "Unconstrained build operations Thread 41" [_thread_blocked, id=22084, stack(0x000000623cd00000,0x000000623ce00000)]
  0x00000200e461fab0 JavaThread "Unconstrained build operations Thread 42" [_thread_blocked, id=20180, stack(0x000000623ce00000,0x000000623cf00000)]
  0x00000200e461e570 JavaThread "Unconstrained build operations Thread 43" [_thread_blocked, id=14328, stack(0x000000623cf00000,0x000000623d000000)]
  0x00000200e461b5a0 JavaThread "Unconstrained build operations Thread 44" [_thread_blocked, id=14920, stack(0x000000623d000000,0x000000623d100000)]
  0x00000200e461f010 JavaThread "Unconstrained build operations Thread 45" [_thread_blocked, id=35812, stack(0x000000623d100000,0x000000623d200000)]
  0x00000200e461d030 JavaThread "Unconstrained build operations Thread 46" [_thread_blocked, id=30964, stack(0x000000623d200000,0x000000623d300000)]
  0x00000200e461e020 JavaThread "Unconstrained build operations Thread 47" [_thread_blocked, id=10192, stack(0x000000623d300000,0x000000623d400000)]
  0x00000200e461d580 JavaThread "Unconstrained build operations Thread 48" [_thread_blocked, id=18108, stack(0x000000623d400000,0x000000623d500000)]
  0x00000200e4620aa0 JavaThread "Unconstrained build operations Thread 49" [_thread_blocked, id=37200, stack(0x000000623d500000,0x000000623d600000)]
  0x00000200e461dad0 JavaThread "Unconstrained build operations Thread 50" [_thread_blocked, id=26236, stack(0x000000623d600000,0x000000623d700000)]
  0x00000200e4620ff0 JavaThread "Unconstrained build operations Thread 51" [_thread_blocked, id=32368, stack(0x000000623d700000,0x000000623d800000)]
  0x00000200e461baf0 JavaThread "Unconstrained build operations Thread 52" [_thread_blocked, id=28612, stack(0x000000623d800000,0x000000623d900000)]
  0x00000200e461a5b0 JavaThread "Unconstrained build operations Thread 53" [_thread_blocked, id=15024, stack(0x000000623d900000,0x000000623da00000)]
  0x00000200e461b050 JavaThread "Unconstrained build operations Thread 54" [_thread_blocked, id=29636, stack(0x000000623da00000,0x000000623db00000)]
  0x00000200e4621a90 JavaThread "Unconstrained build operations Thread 55" [_thread_blocked, id=31832, stack(0x000000623db00000,0x000000623dc00000)]
  0x00000200e461eac0 JavaThread "Unconstrained build operations Thread 56" [_thread_blocked, id=38264, stack(0x000000623dc00000,0x000000623dd00000)]
  0x00000200e461cae0 JavaThread "Unconstrained build operations Thread 57" [_thread_blocked, id=33548, stack(0x000000623dd00000,0x000000623de00000)]
  0x00000200e4620000 JavaThread "Unconstrained build operations Thread 58" [_thread_blocked, id=34640, stack(0x000000623de00000,0x000000623df00000)]
  0x00000200e461f560 JavaThread "Unconstrained build operations Thread 59" [_thread_blocked, id=29316, stack(0x000000623df00000,0x000000623e000000)]
  0x00000200e4621540 JavaThread "Unconstrained build operations Thread 60" [_thread_blocked, id=15896, stack(0x000000623e000000,0x000000623e100000)]
  0x00000200e461a060 JavaThread "Unconstrained build operations Thread 61" [_thread_blocked, id=38376, stack(0x000000623e100000,0x000000623e200000)]
  0x00000200e461ab00 JavaThread "Unconstrained build operations Thread 62" [_thread_blocked, id=4972, stack(0x000000623e200000,0x000000623e300000)]
  0x00000200e461c040 JavaThread "Unconstrained build operations Thread 63" [_thread_blocked, id=5272, stack(0x000000623e300000,0x000000623e400000)]
  0x00000200e461c590 JavaThread "Unconstrained build operations Thread 64" [_thread_blocked, id=28452, stack(0x000000623e400000,0x000000623e500000)]
  0x00000200dfc45180 JavaThread "Unconstrained build operations Thread 65" [_thread_blocked, id=12548, stack(0x000000623e500000,0x000000623e600000)]
  0x00000200dfc486a0 JavaThread "Unconstrained build operations Thread 66" [_thread_blocked, id=27868, stack(0x000000623e600000,0x000000623e700000)]
  0x00000200dfc41710 JavaThread "Unconstrained build operations Thread 67" [_thread_blocked, id=24312, stack(0x000000623e700000,0x000000623e800000)]
  0x00000200dfc411c0 JavaThread "Unconstrained build operations Thread 68" [_thread_blocked, id=28656, stack(0x000000623e800000,0x000000623e900000)]
  0x00000200dfc48150 JavaThread "Unconstrained build operations Thread 69" [_thread_blocked, id=2988, stack(0x000000623e900000,0x000000623ea00000)]
  0x00000200dfc47160 JavaThread "Unconstrained build operations Thread 70" [_thread_blocked, id=14832, stack(0x000000623ea00000,0x000000623eb00000)]
  0x00000200dfc421b0 JavaThread "Unconstrained build operations Thread 71" [_thread_blocked, id=36036, stack(0x000000623eb00000,0x000000623ec00000)]
  0x00000200dfc446e0 JavaThread "Unconstrained build operations Thread 72" [_thread_blocked, id=40196, stack(0x000000623ec00000,0x000000623ed00000)]
  0x00000200dfc436f0 JavaThread "Unconstrained build operations Thread 73" [_thread_blocked, id=24756, stack(0x000000623ed00000,0x000000623ee00000)]
  0x00000200dfc43c40 JavaThread "Unconstrained build operations Thread 74" [_thread_blocked, id=20252, stack(0x000000623ee00000,0x000000623ef00000)]
  0x00000200dfc46c10 JavaThread "Unconstrained build operations Thread 75" [_thread_blocked, id=16316, stack(0x000000623ef00000,0x000000623f000000)]
  0x00000200dfc44190 JavaThread "Unconstrained build operations Thread 76" [_thread_blocked, id=35464, stack(0x000000623f000000,0x000000623f100000)]
  0x00000200dfc46170 JavaThread "Unconstrained build operations Thread 77" [_thread_blocked, id=33608, stack(0x000000623f100000,0x000000623f200000)]
  0x00000200dfc42700 JavaThread "Unconstrained build operations Thread 78" [_thread_blocked, id=23472, stack(0x000000623f200000,0x000000623f300000)]
  0x00000200dfc42c50 JavaThread "Unconstrained build operations Thread 79" [_thread_blocked, id=15880, stack(0x000000623f300000,0x000000623f400000)]
  0x00000200dfc431a0 JavaThread "Unconstrained build operations Thread 80" [_thread_blocked, id=28064, stack(0x000000623f400000,0x000000623f500000)]
  0x00000200dfc466c0 JavaThread "Unconstrained build operations Thread 81" [_thread_blocked, id=24052, stack(0x000000623f500000,0x000000623f600000)]
  0x00000200dfc47c00 JavaThread "Unconstrained build operations Thread 82" [_thread_blocked, id=30224, stack(0x000000623f600000,0x000000623f700000)]
  0x00000200dfc41c60 JavaThread "Unconstrained build operations Thread 83" [_thread_blocked, id=40364, stack(0x000000623f700000,0x000000623f800000)]
  0x00000200dfc40c70 JavaThread "Unconstrained build operations Thread 84" [_thread_blocked, id=26732, stack(0x000000623f800000,0x000000623f900000)]
  0x00000200dfc44c30 JavaThread "Unconstrained build operations Thread 85" [_thread_blocked, id=344, stack(0x000000623f900000,0x000000623fa00000)]
  0x00000200dfc456d0 JavaThread "Unconstrained build operations Thread 86" [_thread_blocked, id=30012, stack(0x000000623fa00000,0x000000623fb00000)]
  0x00000200dfc45c20 JavaThread "Unconstrained build operations Thread 87" [_thread_blocked, id=7352, stack(0x000000623fb00000,0x000000623fc00000)]
  0x00000200dfc476b0 JavaThread "Unconstrained build operations Thread 88" [_thread_blocked, id=5268, stack(0x000000623fc00000,0x000000623fd00000)]
  0x00000200e360e090 JavaThread "Unconstrained build operations Thread 89" [_thread_blocked, id=29784, stack(0x000000623fd00000,0x000000623fe00000)]
  0x00000200e360e5e0 JavaThread "Unconstrained build operations Thread 90" [_thread_blocked, id=40916, stack(0x000000623fe00000,0x000000623ff00000)]
  0x00000200e360fb20 JavaThread "Unconstrained build operations Thread 91" [_thread_blocked, id=9860, stack(0x000000623ff00000,0x0000006240000000)]
  0x00000200e36090e0 JavaThread "Unconstrained build operations Thread 92" [_thread_blocked, id=13036, stack(0x0000006240000000,0x0000006240100000)]
  0x00000200e3608b90 JavaThread "Unconstrained build operations Thread 93" [_thread_blocked, id=10280, stack(0x0000006240100000,0x0000006240200000)]
  0x00000200e36080f0 JavaThread "Unconstrained build operations Thread 94" [_thread_blocked, id=2964, stack(0x0000006240200000,0x0000006240300000)]
  0x00000200e360ab70 JavaThread "Unconstrained build operations Thread 95" [_thread_blocked, id=1592, stack(0x0000006240300000,0x0000006240400000)]
  0x00000200e360b0c0 JavaThread "Unconstrained build operations Thread 96" [_thread_blocked, id=33432, stack(0x0000006240400000,0x0000006240500000)]
  0x00000200e360a620 JavaThread "Unconstrained build operations Thread 97" [_thread_blocked, id=20492, stack(0x0000006240500000,0x0000006240600000)]
  0x00000200e3609630 JavaThread "Unconstrained build operations Thread 98" [_thread_blocked, id=28128, stack(0x0000006240600000,0x0000006240700000)]
  0x00000200e360b610 JavaThread "Unconstrained build operations Thread 99" [_thread_blocked, id=30148, stack(0x0000006240700000,0x0000006240800000)]
  0x00000200e360f5d0 JavaThread "Unconstrained build operations Thread 100" [_thread_blocked, id=11124, stack(0x0000006240800000,0x0000006240900000)]
  0x00000200e360bb60 JavaThread "Unconstrained build operations Thread 101" [_thread_blocked, id=34108, stack(0x0000006240900000,0x0000006240a00000)]
  0x00000200e360c0b0 JavaThread "Unconstrained build operations Thread 102" [_thread_blocked, id=2408, stack(0x0000006240a00000,0x0000006240b00000)]
  0x00000200e360eb30 JavaThread "Unconstrained build operations Thread 103" [_thread_blocked, id=13844, stack(0x0000006240b00000,0x0000006240c00000)]
  0x00000200e360c600 JavaThread "Unconstrained build operations Thread 104" [_thread_blocked, id=11248, stack(0x0000006240c00000,0x0000006240d00000)]
  0x00000200e3608640 JavaThread "Unconstrained build operations Thread 105" [_thread_blocked, id=38512, stack(0x0000006240d00000,0x0000006240e00000)]
  0x00000200e3609b80 JavaThread "Unconstrained build operations Thread 106" [_thread_blocked, id=27708, stack(0x0000006240e00000,0x0000006240f00000)]
  0x00000200e360a0d0 JavaThread "jar transforms Thread 2" [_thread_blocked, id=35720, stack(0x0000006241000000,0x0000006241100000)]
  0x00000200e360cb50 JavaThread "jar transforms Thread 3" [_thread_blocked, id=33984, stack(0x0000006240f00000,0x0000006241000000)]
  0x00000200e360db40 JavaThread "Unconstrained build operations Thread 107" [_thread_blocked, id=3688, stack(0x0000006241200000,0x0000006241300000)]
  0x00000200e3a2c590 JavaThread "Unconstrained build operations Thread 108" [_thread_blocked, id=11984, stack(0x0000006241300000,0x0000006241400000)]
  0x00000200e3a2b050 JavaThread "Unconstrained build operations Thread 109" [_thread_blocked, id=21992, stack(0x0000006241400000,0x0000006241500000)]
  0x00000200e3a2b5a0 JavaThread "Unconstrained build operations Thread 110" [_thread_blocked, id=21476, stack(0x0000006241500000,0x0000006241600000)]
  0x00000200e3a29b10 JavaThread "Unconstrained build operations Thread 111" [_thread_blocked, id=11084, stack(0x0000006241600000,0x0000006241700000)]
  0x00000200e3a2fab0 JavaThread "Unconstrained build operations Thread 112" [_thread_blocked, id=22508, stack(0x0000006241700000,0x0000006241800000)]
  0x00000200e3a2d580 JavaThread "Unconstrained build operations Thread 113" [_thread_blocked, id=5716, stack(0x0000006241800000,0x0000006241900000)]
  0x00000200e3a30000 JavaThread "Unconstrained build operations Thread 114" [_thread_blocked, id=29320, stack(0x0000006241900000,0x0000006241a00000)]
  0x00000200e3a2cae0 JavaThread "Unconstrained build operations Thread 115" [_thread_blocked, id=19924, stack(0x0000006241a00000,0x0000006241b00000)]
  0x00000200e3a2d030 JavaThread "Unconstrained build operations Thread 116" [_thread_blocked, id=3296, stack(0x0000006241b00000,0x0000006241c00000)]
  0x00000200e3a2f560 JavaThread "Unconstrained build operations Thread 117" [_thread_blocked, id=38280, stack(0x0000006241c00000,0x0000006241d00000)]
  0x00000200e3a2e570 JavaThread "Unconstrained build operations Thread 118" [_thread_blocked, id=17932, stack(0x0000006241d00000,0x0000006241e00000)]
  0x00000200e3a30ff0 JavaThread "Unconstrained build operations Thread 119" [_thread_blocked, id=4984, stack(0x0000006241e00000,0x0000006241f00000)]
  0x00000200e3a2dad0 JavaThread "Unconstrained build operations Thread 120" [_thread_blocked, id=39676, stack(0x0000006241f00000,0x0000006242000000)]
  0x00000200e3a31540 JavaThread "jar transforms Thread 4" [_thread_blocked, id=10104, stack(0x0000006235100000,0x0000006235200000)]
  0x00000200e3a2a060 JavaThread "jar transforms Thread 5" [_thread_blocked, id=1236, stack(0x0000006241100000,0x0000006241200000)]
  0x00000200e3a2f010 JavaThread "jar transforms Thread 6" [_thread_blocked, id=34096, stack(0x0000006242000000,0x0000006242100000)]

Other Threads:
  0x00000200dba4bd20 VMThread "VM Thread" [stack: 0x0000006235800000,0x0000006235900000] [id=27052]
  0x00000200dfddf280 WatcherThread "VM Periodic Task Thread" [stack: 0x0000006236400000,0x0000006236500000] [id=36796]
  0x00000200bcdd8790 WorkerThread "GC Thread#0" [stack: 0x0000006235300000,0x0000006235400000] [id=18084]
  0x00000200e0000940 WorkerThread "GC Thread#1" [stack: 0x0000006236500000,0x0000006236600000] [id=39292]
  0x00000200e0001480 WorkerThread "GC Thread#2" [stack: 0x0000006236600000,0x0000006236700000] [id=31876]
  0x00000200e0001750 WorkerThread "GC Thread#3" [stack: 0x0000006236700000,0x0000006236800000] [id=18536]
  0x00000200e00003a0 WorkerThread "GC Thread#4" [stack: 0x0000006236800000,0x0000006236900000] [id=22828]
  0x00000200e08dea70 WorkerThread "GC Thread#5" [stack: 0x0000006237300000,0x0000006237400000] [id=24724]
  0x00000200e08ded40 WorkerThread "GC Thread#6" [stack: 0x0000006237400000,0x0000006237500000] [id=38244]
  0x00000200e08df2e0 WorkerThread "GC Thread#7" [stack: 0x0000006237500000,0x0000006237600000] [id=12948]
  0x00000200e08ddc60 WorkerThread "GC Thread#8" [stack: 0x0000006237600000,0x0000006237700000] [id=8504]
  0x00000200e08de200 WorkerThread "GC Thread#9" [stack: 0x0000006237700000,0x0000006237800000] [id=9256]
  0x00000200bcde9600 ConcurrentGCThread "G1 Main Marker" [stack: 0x0000006235400000,0x0000006235500000] [id=7128]
  0x00000200bcdeaf50 WorkerThread "G1 Conc#0" [stack: 0x0000006235500000,0x0000006235600000] [id=18928]
  0x00000200e08dd3f0 WorkerThread "G1 Conc#1" [stack: 0x0000006237c00000,0x0000006237d00000] [id=39252]
  0x00000200e08df010 WorkerThread "G1 Conc#2" [stack: 0x0000006237d00000,0x0000006237e00000] [id=3640]
  0x00000200bce2e570 ConcurrentGCThread "G1 Refine#0" [stack: 0x0000006235600000,0x0000006235700000] [id=30756]
  0x00000200db905180 ConcurrentGCThread "G1 Service" [stack: 0x0000006235700000,0x0000006235800000] [id=9572]

Threads with active compile tasks:
C2 CompilerThread0    68879 11802       4       org.gradle.internal.instantiation.generator.AbstractClassGenerator::inspectType (560 bytes)

VM state: not at safepoint (normal execution)

VM Mutex/Monitor currently owned by a thread: None

Heap address: 0x0000000080000000, size: 2048 MB, Compressed Oops mode: 32-bit

CDS archive(s) mapped at: [0x0000000800000000-0x0000000800c40000-0x0000000800c40000), size 12845056, SharedBaseAddress: 0x0000000800000000, ArchiveRelocationMode: 0.
Compressed class space mapped at: 0x0000000801000000-0x000000081ac00000, reserved size: 432013312
Narrow klass base: 0x0000000800000000, Narrow klass shift: 0, Narrow klass range: 0x100000000

GC Precious Log:
 CardTable entry size: 512
 Card Set container configuration: InlinePtr #cards 5 size 8 Array Of Cards #cards 12 size 40 Howl #buckets 4 coarsen threshold 1843 Howl Bitmap #cards 512 size 80 coarsen threshold 460 Card regions per heap region 1 cards per card region 2048
 CPUs: 12 total, 12 available
 Memory: 7597M
 Large Page Support: Disabled
 NUMA Support: Disabled
 Compressed Oops: Enabled (32-bit)
 Heap Region Size: 1M
 Heap Min Capacity: 8M
 Heap Initial Capacity: 120M
 Heap Max Capacity: 2G
 Pre-touch: Disabled
 Parallel Workers: 10
 Concurrent Workers: 3
 Concurrent Refinement Workers: 10
 Periodic GC: Disabled

Heap:
 garbage-first heap   total 164864K, used 131292K [0x0000000080000000, 0x0000000100000000)
  region size 1024K, 27 young (27648K), 2 survivors (2048K)
 Metaspace       used 85334K, committed 87552K, reserved 552960K
  class space    used 11646K, committed 12800K, reserved 421888K

Heap Regions: E=young(eden), S=young(survivor), O=old, HS=humongous(starts), HC=humongous(continues), CS=collection set, F=free, OA=open archive, CA=closed archive, TAMS=top-at-mark-start (previous, next)
|   0|0x0000000080000000, 0x0000000080100000, 0x0000000080100000|100%|HS|  |TAMS 0x0000000080100000, 0x0000000080000000| Complete 
|   1|0x0000000080100000, 0x0000000080200000, 0x0000000080200000|100%|HC|  |TAMS 0x0000000080200000, 0x0000000080100000| Complete 
|   2|0x0000000080200000, 0x0000000080300000, 0x0000000080300000|100%|HC|  |TAMS 0x0000000080300000, 0x0000000080200000| Complete 
|   3|0x0000000080300000, 0x0000000080400000, 0x0000000080400000|100%|HC|  |TAMS 0x0000000080400000, 0x0000000080300000| Complete 
|   4|0x0000000080400000, 0x0000000080500000, 0x0000000080500000|100%| O|  |TAMS 0x0000000080500000, 0x0000000080400000| Untracked 
|   5|0x0000000080500000, 0x0000000080600000, 0x0000000080600000|100%| O|  |TAMS 0x0000000080600000, 0x0000000080500000| Untracked 
|   6|0x0000000080600000, 0x0000000080700000, 0x0000000080700000|100%| O|  |TAMS 0x0000000080700000, 0x0000000080600000| Untracked 
|   7|0x0000000080700000, 0x0000000080800000, 0x0000000080800000|100%| O|  |TAMS 0x0000000080800000, 0x0000000080700000| Untracked 
|   8|0x0000000080800000, 0x0000000080900000, 0x0000000080900000|100%| O|  |TAMS 0x0000000080900000, 0x0000000080800000| Untracked 
|   9|0x0000000080900000, 0x0000000080a00000, 0x0000000080a00000|100%| O|  |TAMS 0x0000000080a00000, 0x0000000080900000| Untracked 
|  10|0x0000000080a00000, 0x0000000080b00000, 0x0000000080b00000|100%| O|  |TAMS 0x0000000080b00000, 0x0000000080a00000| Untracked 
|  11|0x0000000080b00000, 0x0000000080c00000, 0x0000000080c00000|100%|HS|  |TAMS 0x0000000080c00000, 0x0000000080b00000| Complete 
|  12|0x0000000080c00000, 0x0000000080d00000, 0x0000000080d00000|100%| O|  |TAMS 0x0000000080d00000, 0x0000000080c00000| Untracked 
|  13|0x0000000080d00000, 0x0000000080e00000, 0x0000000080e00000|100%| O|  |TAMS 0x0000000080e00000, 0x0000000080d00000| Untracked 
|  14|0x0000000080e00000, 0x0000000080f00000, 0x0000000080f00000|100%| O|  |TAMS 0x0000000080f00000, 0x0000000080e00000| Untracked 
|  15|0x0000000080f00000, 0x0000000081000000, 0x0000000081000000|100%| O|  |TAMS 0x0000000081000000, 0x0000000080f00000| Untracked 
|  16|0x0000000081000000, 0x0000000081100000, 0x0000000081100000|100%| O|  |TAMS 0x0000000081100000, 0x0000000081000000| Untracked 
|  17|0x0000000081100000, 0x0000000081200000, 0x0000000081200000|100%| O|  |TAMS 0x0000000081200000, 0x0000000081100000| Untracked 
|  18|0x0000000081200000, 0x0000000081300000, 0x0000000081300000|100%| O|  |TAMS 0x0000000081300000, 0x0000000081200000| Untracked 
|  19|0x0000000081300000, 0x0000000081400000, 0x0000000081400000|100%| O|  |TAMS 0x0000000081400000, 0x0000000081300000| Untracked 
|  20|0x0000000081400000, 0x0000000081500000, 0x0000000081500000|100%| O|  |TAMS 0x0000000081500000, 0x0000000081400000| Untracked 
|  21|0x0000000081500000, 0x0000000081600000, 0x0000000081600000|100%| O|  |TAMS 0x0000000081600000, 0x0000000081500000| Untracked 
|  22|0x0000000081600000, 0x0000000081700000, 0x0000000081700000|100%| O|  |TAMS 0x0000000081700000, 0x0000000081600000| Untracked 
|  23|0x0000000081700000, 0x0000000081800000, 0x0000000081800000|100%| O|  |TAMS 0x0000000081800000, 0x0000000081700000| Untracked 
|  24|0x0000000081800000, 0x0000000081900000, 0x0000000081900000|100%| O|  |TAMS 0x0000000081800000, 0x0000000081800000| Untracked 
|  25|0x0000000081900000, 0x0000000081a00000, 0x0000000081a00000|100%| O|  |TAMS 0x0000000081a00000, 0x0000000081900000| Untracked 
|  26|0x0000000081a00000, 0x0000000081b00000, 0x0000000081b00000|100%| O|  |TAMS 0x0000000081b00000, 0x0000000081a00000| Untracked 
|  27|0x0000000081b00000, 0x0000000081c00000, 0x0000000081c00000|100%| O|  |TAMS 0x0000000081c00000, 0x0000000081b00000| Untracked 
|  28|0x0000000081c00000, 0x0000000081d00000, 0x0000000081d00000|100%| O|  |TAMS 0x0000000081d00000, 0x0000000081c00000| Untracked 
|  29|0x0000000081d00000, 0x0000000081e00000, 0x0000000081e00000|100%| O|  |TAMS 0x0000000081e00000, 0x0000000081d00000| Untracked 
|  30|0x0000000081e00000, 0x0000000081f00000, 0x0000000081f00000|100%| O|  |TAMS 0x0000000081f00000, 0x0000000081e00000| Untracked 
|  31|0x0000000081f00000, 0x0000000082000000, 0x0000000082000000|100%| O|  |TAMS 0x0000000082000000, 0x0000000081f00000| Untracked 
|  32|0x0000000082000000, 0x0000000082100000, 0x0000000082100000|100%| O|  |TAMS 0x0000000082100000, 0x0000000082000000| Untracked 
|  33|0x0000000082100000, 0x0000000082200000, 0x0000000082200000|100%| O|  |TAMS 0x0000000082200000, 0x0000000082100000| Untracked 
|  34|0x0000000082200000, 0x0000000082300000, 0x0000000082300000|100%| O|  |TAMS 0x0000000082248000, 0x0000000082200000| Untracked 
|  35|0x0000000082300000, 0x0000000082400000, 0x0000000082400000|100%|HS|  |TAMS 0x0000000082300000, 0x0000000082300000| Complete 
|  36|0x0000000082400000, 0x0000000082500000, 0x0000000082500000|100%|HC|  |TAMS 0x0000000082400000, 0x0000000082400000| Complete 
|  37|0x0000000082500000, 0x0000000082600000, 0x0000000082600000|100%|HS|  |TAMS 0x0000000082500000, 0x0000000082500000| Complete 
|  38|0x0000000082600000, 0x0000000082700000, 0x0000000082700000|100%|HC|  |TAMS 0x0000000082600000, 0x0000000082600000| Complete 
|  39|0x0000000082700000, 0x0000000082800000, 0x0000000082800000|100%|HS|  |TAMS 0x0000000082700000, 0x0000000082700000| Complete 
|  40|0x0000000082800000, 0x0000000082900000, 0x0000000082900000|100%|HC|  |TAMS 0x0000000082800000, 0x0000000082800000| Complete 
|  41|0x0000000082900000, 0x0000000082a00000, 0x0000000082a00000|100%|HC|  |TAMS 0x0000000082900000, 0x0000000082900000| Complete 
|  42|0x0000000082a00000, 0x0000000082b00000, 0x0000000082b00000|100%|HC|  |TAMS 0x0000000082a00000, 0x0000000082a00000| Complete 
|  43|0x0000000082b00000, 0x0000000082c00000, 0x0000000082c00000|100%|HS|  |TAMS 0x0000000082b00000, 0x0000000082b00000| Complete 
|  44|0x0000000082c00000, 0x0000000082d00000, 0x0000000082d00000|100%|HC|  |TAMS 0x0000000082c00000, 0x0000000082c00000| Complete 
|  45|0x0000000082d00000, 0x0000000082e00000, 0x0000000082e00000|100%|HC|  |TAMS 0x0000000082d00000, 0x0000000082d00000| Complete 
|  46|0x0000000082e00000, 0x0000000082f00000, 0x0000000082f00000|100%|HC|  |TAMS 0x0000000082e00000, 0x0000000082e00000| Complete 
|  47|0x0000000082f00000, 0x0000000083000000, 0x0000000083000000|100%| O|  |TAMS 0x0000000082f00000, 0x0000000082f00000| Untracked 
|  48|0x0000000083000000, 0x0000000083100000, 0x0000000083100000|100%| O|  |TAMS 0x0000000083000000, 0x0000000083000000| Untracked 
|  49|0x0000000083100000, 0x0000000083200000, 0x0000000083200000|100%| O|  |TAMS 0x0000000083100000, 0x0000000083100000| Untracked 
|  50|0x0000000083200000, 0x0000000083300000, 0x0000000083300000|100%| O|  |TAMS 0x0000000083200000, 0x0000000083200000| Untracked 
|  51|0x0000000083300000, 0x0000000083400000, 0x0000000083400000|100%| O|  |TAMS 0x0000000083300000, 0x0000000083300000| Untracked 
|  52|0x0000000083400000, 0x0000000083500000, 0x0000000083500000|100%| O|  |TAMS 0x0000000083400000, 0x0000000083400000| Untracked 
|  53|0x0000000083500000, 0x0000000083600000, 0x0000000083600000|100%| O|  |TAMS 0x0000000083500000, 0x0000000083500000| Untracked 
|  54|0x0000000083600000, 0x0000000083700000, 0x0000000083700000|100%| O|  |TAMS 0x0000000083600000, 0x0000000083600000| Untracked 
|  55|0x0000000083700000, 0x0000000083800000, 0x0000000083800000|100%| O|  |TAMS 0x0000000083700000, 0x0000000083700000| Untracked 
|  56|0x0000000083800000, 0x0000000083900000, 0x0000000083900000|100%| O|  |TAMS 0x0000000083800000, 0x0000000083800000| Untracked 
|  57|0x0000000083900000, 0x0000000083a00000, 0x0000000083a00000|100%| O|  |TAMS 0x0000000083900000, 0x0000000083900000| Untracked 
|  58|0x0000000083a00000, 0x0000000083b00000, 0x0000000083b00000|100%| O|  |TAMS 0x0000000083a00000, 0x0000000083a00000| Untracked 
|  59|0x0000000083b00000, 0x0000000083c00000, 0x0000000083c00000|100%| O|  |TAMS 0x0000000083b00000, 0x0000000083b00000| Untracked 
|  60|0x0000000083c00000, 0x0000000083d00000, 0x0000000083d00000|100%| O|  |TAMS 0x0000000083c00000, 0x0000000083c00000| Untracked 
|  61|0x0000000083d00000, 0x0000000083e00000, 0x0000000083e00000|100%| O|  |TAMS 0x0000000083d00000, 0x0000000083d00000| Untracked 
|  62|0x0000000083e00000, 0x0000000083f00000, 0x0000000083f00000|100%| O|  |TAMS 0x0000000083e00000, 0x0000000083e00000| Untracked 
|  63|0x0000000083f00000, 0x0000000084000000, 0x0000000084000000|100%| O|  |TAMS 0x0000000083f00000, 0x0000000083f00000| Untracked 
|  64|0x0000000084000000, 0x0000000084100000, 0x0000000084100000|100%| O|  |TAMS 0x0000000084000000, 0x0000000084000000| Untracked 
|  65|0x0000000084100000, 0x0000000084200000, 0x0000000084200000|100%| O|  |TAMS 0x0000000084100000, 0x0000000084100000| Untracked 
|  66|0x0000000084200000, 0x0000000084300000, 0x0000000084300000|100%| O|  |TAMS 0x0000000084200000, 0x0000000084200000| Untracked 
|  67|0x0000000084300000, 0x0000000084400000, 0x0000000084400000|100%| O|  |TAMS 0x0000000084300000, 0x0000000084300000| Untracked 
|  68|0x0000000084400000, 0x0000000084500000, 0x0000000084500000|100%| O|  |TAMS 0x0000000084400000, 0x0000000084400000| Untracked 
|  69|0x0000000084500000, 0x0000000084600000, 0x0000000084600000|100%| O|  |TAMS 0x0000000084500000, 0x0000000084500000| Untracked 
|  70|0x0000000084600000, 0x0000000084700000, 0x0000000084700000|100%| O|  |TAMS 0x0000000084600000, 0x0000000084600000| Untracked 
|  71|0x0000000084700000, 0x0000000084800000, 0x0000000084800000|100%| O|  |TAMS 0x0000000084700000, 0x0000000084700000| Untracked 
|  72|0x0000000084800000, 0x0000000084900000, 0x0000000084900000|100%| O|  |TAMS 0x0000000084800000, 0x0000000084800000| Untracked 
|  73|0x0000000084900000, 0x0000000084a00000, 0x0000000084a00000|100%| O|  |TAMS 0x0000000084900000, 0x0000000084900000| Untracked 
|  74|0x0000000084a00000, 0x0000000084b00000, 0x0000000084b00000|100%| O|  |TAMS 0x0000000084a00000, 0x0000000084a00000| Untracked 
|  75|0x0000000084b00000, 0x0000000084c00000, 0x0000000084c00000|100%| O|  |TAMS 0x0000000084b00000, 0x0000000084b00000| Untracked 
|  76|0x0000000084c00000, 0x0000000084d00000, 0x0000000084d00000|100%| O|  |TAMS 0x0000000084c00000, 0x0000000084c00000| Untracked 
|  77|0x0000000084d00000, 0x0000000084e00000, 0x0000000084e00000|100%| O|  |TAMS 0x0000000084d00000, 0x0000000084d00000| Untracked 
|  78|0x0000000084e00000, 0x0000000084f00000, 0x0000000084f00000|100%| O|  |TAMS 0x0000000084e00000, 0x0000000084e00000| Untracked 
|  79|0x0000000084f00000, 0x0000000085000000, 0x0000000085000000|100%| O|  |TAMS 0x0000000084f00000, 0x0000000084f00000| Untracked 
|  80|0x0000000085000000, 0x0000000085100000, 0x0000000085100000|100%|HS|  |TAMS 0x0000000085000000, 0x0000000085000000| Complete 
|  81|0x0000000085100000, 0x0000000085200000, 0x0000000085200000|100%|HS|  |TAMS 0x0000000085100000, 0x0000000085100000| Complete 
|  82|0x0000000085200000, 0x0000000085300000, 0x0000000085300000|100%|HS|  |TAMS 0x0000000085200000, 0x0000000085200000| Complete 
|  83|0x0000000085300000, 0x0000000085400000, 0x0000000085400000|100%|HS|  |TAMS 0x0000000085300000, 0x0000000085300000| Complete 
|  84|0x0000000085400000, 0x0000000085500000, 0x0000000085500000|100%| O|  |TAMS 0x0000000085400000, 0x0000000085400000| Untracked 
|  85|0x0000000085500000, 0x0000000085600000, 0x0000000085600000|100%|HS|  |TAMS 0x0000000085500000, 0x0000000085500000| Complete 
|  86|0x0000000085600000, 0x0000000085700000, 0x0000000085700000|100%|HS|  |TAMS 0x0000000085600000, 0x0000000085600000| Complete 
|  87|0x0000000085700000, 0x0000000085800000, 0x0000000085800000|100%| O|  |TAMS 0x0000000085700000, 0x0000000085700000| Untracked 
|  88|0x0000000085800000, 0x0000000085900000, 0x0000000085900000|100%| O|  |TAMS 0x0000000085800000, 0x0000000085800000| Untracked 
|  89|0x0000000085900000, 0x0000000085a00000, 0x0000000085a00000|100%| O|  |TAMS 0x0000000085900000, 0x0000000085900000| Untracked 
|  90|0x0000000085a00000, 0x0000000085b00000, 0x0000000085b00000|100%| O|  |TAMS 0x0000000085a00000, 0x0000000085a00000| Untracked 
|  91|0x0000000085b00000, 0x0000000085c00000, 0x0000000085c00000|100%| O|  |TAMS 0x0000000085b00000, 0x0000000085b00000| Untracked 
|  92|0x0000000085c00000, 0x0000000085d00000, 0x0000000085d00000|100%| O|  |TAMS 0x0000000085c00000, 0x0000000085c00000| Untracked 
|  93|0x0000000085d00000, 0x0000000085e00000, 0x0000000085e00000|100%| O|  |TAMS 0x0000000085d00000, 0x0000000085d00000| Untracked 
|  94|0x0000000085e00000, 0x0000000085f00000, 0x0000000085f00000|100%| O|  |TAMS 0x0000000085e00000, 0x0000000085e00000| Untracked 
|  95|0x0000000085f00000, 0x0000000086000000, 0x0000000086000000|100%| O|  |TAMS 0x0000000085f00000, 0x0000000085f00000| Untracked 
|  96|0x0000000086000000, 0x0000000086100000, 0x0000000086100000|100%| O|  |TAMS 0x0000000086000000, 0x0000000086000000| Untracked 
|  97|0x0000000086100000, 0x0000000086200000, 0x0000000086200000|100%| O|  |TAMS 0x0000000086100000, 0x0000000086100000| Untracked 
|  98|0x0000000086200000, 0x0000000086300000, 0x0000000086300000|100%| O|  |TAMS 0x0000000086200000, 0x0000000086200000| Untracked 
|  99|0x0000000086300000, 0x0000000086400000, 0x0000000086400000|100%| O|  |TAMS 0x0000000086300000, 0x0000000086300000| Untracked 
| 100|0x0000000086400000, 0x0000000086500000, 0x0000000086500000|100%| O|  |TAMS 0x0000000086400000, 0x0000000086400000| Untracked 
| 101|0x0000000086500000, 0x0000000086600000, 0x0000000086600000|100%|HS|  |TAMS 0x0000000086500000, 0x0000000086500000| Complete 
| 102|0x0000000086600000, 0x000000008667cc00, 0x0000000086700000| 48%| O|  |TAMS 0x0000000086600000, 0x0000000086600000| Untracked 
| 103|0x0000000086700000, 0x0000000086700000, 0x0000000086800000|  0%| F|  |TAMS 0x0000000086700000, 0x0000000086700000| Untracked 
| 104|0x0000000086800000, 0x0000000086800000, 0x0000000086900000|  0%| F|  |TAMS 0x0000000086800000, 0x0000000086800000| Untracked 
| 105|0x0000000086900000, 0x0000000086900000, 0x0000000086a00000|  0%| F|  |TAMS 0x0000000086900000, 0x0000000086900000| Untracked 
| 106|0x0000000086a00000, 0x0000000086a00000, 0x0000000086b00000|  0%| F|  |TAMS 0x0000000086a00000, 0x0000000086a00000| Untracked 
| 107|0x0000000086b00000, 0x0000000086b00000, 0x0000000086c00000|  0%| F|  |TAMS 0x0000000086b00000, 0x0000000086b00000| Untracked 
| 108|0x0000000086c00000, 0x0000000086c00000, 0x0000000086d00000|  0%| F|  |TAMS 0x0000000086c00000, 0x0000000086c00000| Untracked 
| 109|0x0000000086d00000, 0x0000000086d00000, 0x0000000086e00000|  0%| F|  |TAMS 0x0000000086d00000, 0x0000000086d00000| Untracked 
| 110|0x0000000086e00000, 0x0000000086e00000, 0x0000000086f00000|  0%| F|  |TAMS 0x0000000086e00000, 0x0000000086e00000| Untracked 
| 111|0x0000000086f00000, 0x0000000086f00000, 0x0000000087000000|  0%| F|  |TAMS 0x0000000086f00000, 0x0000000086f00000| Untracked 
| 112|0x0000000087000000, 0x0000000087000000, 0x0000000087100000|  0%| F|  |TAMS 0x0000000087000000, 0x0000000087000000| Untracked 
| 113|0x0000000087100000, 0x0000000087100000, 0x0000000087200000|  0%| F|  |TAMS 0x0000000087100000, 0x0000000087100000| Untracked 
| 114|0x0000000087200000, 0x0000000087200000, 0x0000000087300000|  0%| F|  |TAMS 0x0000000087200000, 0x0000000087200000| Untracked 
| 115|0x0000000087300000, 0x0000000087300000, 0x0000000087400000|  0%| F|  |TAMS 0x0000000087300000, 0x0000000087300000| Untracked 
| 116|0x0000000087400000, 0x0000000087400000, 0x0000000087500000|  0%| F|  |TAMS 0x0000000087400000, 0x0000000087400000| Untracked 
| 117|0x0000000087500000, 0x0000000087500000, 0x0000000087600000|  0%| F|  |TAMS 0x0000000087500000, 0x0000000087500000| Untracked 
| 118|0x0000000087600000, 0x0000000087600000, 0x0000000087700000|  0%| F|  |TAMS 0x0000000087600000, 0x0000000087600000| Untracked 
| 119|0x0000000087700000, 0x0000000087700000, 0x0000000087800000|  0%| F|  |TAMS 0x0000000087700000, 0x0000000087700000| Untracked 
| 120|0x0000000087800000, 0x0000000087800000, 0x0000000087900000|  0%| F|  |TAMS 0x0000000087800000, 0x0000000087800000| Untracked 
| 121|0x0000000087900000, 0x0000000087900000, 0x0000000087a00000|  0%| F|  |TAMS 0x0000000087900000, 0x0000000087900000| Untracked 
| 122|0x0000000087a00000, 0x0000000087a00000, 0x0000000087b00000|  0%| F|  |TAMS 0x0000000087a00000, 0x0000000087a00000| Untracked 
| 123|0x0000000087b00000, 0x0000000087b00000, 0x0000000087c00000|  0%| F|  |TAMS 0x0000000087b00000, 0x0000000087b00000| Untracked 
| 124|0x0000000087c00000, 0x0000000087c00000, 0x0000000087d00000|  0%| F|  |TAMS 0x0000000087c00000, 0x0000000087c00000| Untracked 
| 125|0x0000000087d00000, 0x0000000087d00000, 0x0000000087e00000|  0%| F|  |TAMS 0x0000000087d00000, 0x0000000087d00000| Untracked 
| 126|0x0000000087e00000, 0x0000000087e00000, 0x0000000087f00000|  0%| F|  |TAMS 0x0000000087e00000, 0x0000000087e00000| Untracked 
| 127|0x0000000087f00000, 0x0000000087f00000, 0x0000000088000000|  0%| F|  |TAMS 0x0000000087f00000, 0x0000000087f00000| Untracked 
| 128|0x0000000088000000, 0x0000000088000000, 0x0000000088100000|  0%| F|  |TAMS 0x0000000088000000, 0x0000000088000000| Untracked 
| 129|0x0000000088100000, 0x0000000088100000, 0x0000000088200000|  0%| F|  |TAMS 0x0000000088100000, 0x0000000088100000| Untracked 
| 130|0x0000000088200000, 0x00000000882ba400, 0x0000000088300000| 72%| S|CS|TAMS 0x0000000088200000, 0x0000000088200000| Complete 
| 131|0x0000000088300000, 0x0000000088400000, 0x0000000088400000|100%| S|CS|TAMS 0x0000000088300000, 0x0000000088300000| Complete 
| 132|0x0000000088400000, 0x0000000088400000, 0x0000000088500000|  0%| F|  |TAMS 0x0000000088400000, 0x0000000088400000| Untracked 
| 133|0x0000000088500000, 0x0000000088500000, 0x0000000088600000|  0%| F|  |TAMS 0x0000000088500000, 0x0000000088500000| Untracked 
| 134|0x0000000088600000, 0x0000000088600000, 0x0000000088700000|  0%| F|  |TAMS 0x0000000088600000, 0x0000000088600000| Untracked 
| 135|0x0000000088700000, 0x0000000088700000, 0x0000000088800000|  0%| F|  |TAMS 0x0000000088700000, 0x0000000088700000| Untracked 
| 136|0x0000000088800000, 0x000000008880bce0, 0x0000000088900000|  4%| E|  |TAMS 0x0000000088800000, 0x0000000088800000| Complete 
| 137|0x0000000088900000, 0x0000000088a00000, 0x0000000088a00000|100%| E|CS|TAMS 0x0000000088900000, 0x0000000088900000| Complete 
| 138|0x0000000088a00000, 0x0000000088b00000, 0x0000000088b00000|100%| E|CS|TAMS 0x0000000088a00000, 0x0000000088a00000| Complete 
| 139|0x0000000088b00000, 0x0000000088c00000, 0x0000000088c00000|100%| E|CS|TAMS 0x0000000088b00000, 0x0000000088b00000| Complete 
| 140|0x0000000088c00000, 0x0000000088d00000, 0x0000000088d00000|100%| E|CS|TAMS 0x0000000088c00000, 0x0000000088c00000| Complete 
| 141|0x0000000088d00000, 0x0000000088e00000, 0x0000000088e00000|100%| E|CS|TAMS 0x0000000088d00000, 0x0000000088d00000| Complete 
| 142|0x0000000088e00000, 0x0000000088f00000, 0x0000000088f00000|100%| E|CS|TAMS 0x0000000088e00000, 0x0000000088e00000| Complete 
| 143|0x0000000088f00000, 0x0000000089000000, 0x0000000089000000|100%| E|CS|TAMS 0x0000000088f00000, 0x0000000088f00000| Complete 
| 144|0x0000000089000000, 0x0000000089100000, 0x0000000089100000|100%| E|CS|TAMS 0x0000000089000000, 0x0000000089000000| Complete 
| 145|0x0000000089100000, 0x0000000089200000, 0x0000000089200000|100%| E|CS|TAMS 0x0000000089100000, 0x0000000089100000| Complete 
| 146|0x0000000089200000, 0x0000000089300000, 0x0000000089300000|100%| E|CS|TAMS 0x0000000089200000, 0x0000000089200000| Complete 
| 147|0x0000000089300000, 0x0000000089400000, 0x0000000089400000|100%| E|CS|TAMS 0x0000000089300000, 0x0000000089300000| Complete 
| 173|0x000000008ad00000, 0x000000008ae00000, 0x000000008ae00000|100%| E|CS|TAMS 0x000000008ad00000, 0x000000008ad00000| Complete 
| 174|0x000000008ae00000, 0x000000008af00000, 0x000000008af00000|100%| E|CS|TAMS 0x000000008ae00000, 0x000000008ae00000| Complete 
| 175|0x000000008af00000, 0x000000008b000000, 0x000000008b000000|100%| E|CS|TAMS 0x000000008af00000, 0x000000008af00000| Complete 
| 176|0x000000008b000000, 0x000000008b100000, 0x000000008b100000|100%| E|CS|TAMS 0x000000008b000000, 0x000000008b000000| Complete 
| 177|0x000000008b100000, 0x000000008b200000, 0x000000008b200000|100%| E|CS|TAMS 0x000000008b100000, 0x000000008b100000| Complete 
| 178|0x000000008b200000, 0x000000008b300000, 0x000000008b300000|100%| E|CS|TAMS 0x000000008b200000, 0x000000008b200000| Complete 
| 179|0x000000008b300000, 0x000000008b400000, 0x000000008b400000|100%| E|CS|TAMS 0x000000008b300000, 0x000000008b300000| Complete 
| 180|0x000000008b400000, 0x000000008b500000, 0x000000008b500000|100%| E|CS|TAMS 0x000000008b400000, 0x000000008b400000| Complete 
| 181|0x000000008b500000, 0x000000008b600000, 0x000000008b600000|100%| E|CS|TAMS 0x000000008b500000, 0x000000008b500000| Complete 
| 182|0x000000008b600000, 0x000000008b700000, 0x000000008b700000|100%| E|CS|TAMS 0x000000008b600000, 0x000000008b600000| Complete 
| 183|0x000000008b700000, 0x000000008b800000, 0x000000008b800000|100%| E|CS|TAMS 0x000000008b700000, 0x000000008b700000| Complete 
| 184|0x000000008b800000, 0x000000008b900000, 0x000000008b900000|100%| E|CS|TAMS 0x000000008b800000, 0x000000008b800000| Complete 
| 230|0x000000008e600000, 0x000000008e700000, 0x000000008e700000|100%| E|CS|TAMS 0x000000008e600000, 0x000000008e600000| Complete 

Card table byte_map: [0x00000200d4610000,0x00000200d4a10000] _byte_map_base: 0x00000200d4210000

Marking Bits (Prev, Next): (CMBitMap*) 0x00000200bcdd8d10, (CMBitMap*) 0x00000200bcdd8cd0
 Prev Bits: [0x00000200d6e10000, 0x00000200d8e10000)
 Next Bits: [0x00000200d4e10000, 0x00000200d6e10000)

Polling page: 0x00000200bad70000

Metaspace:

Usage:
  Non-class:     71.96 MB used.
      Class:     11.37 MB used.
       Both:     83.33 MB used.

Virtual space:
  Non-class space:      128.00 MB reserved,      73.00 MB ( 57%) committed,  2 nodes.
      Class space:      412.00 MB reserved,      12.50 MB (  3%) committed,  1 nodes.
             Both:      540.00 MB reserved,      85.50 MB ( 16%) committed. 

Chunk freelists:
   Non-Class:  2.89 MB
       Class:  3.50 MB
        Both:  6.39 MB

MaxMetaspaceSize: 512.00 MB
CompressedClassSpaceSize: 412.00 MB
Initial GC threshold: 21.00 MB
Current GC threshold: 98.25 MB
CDS: on
MetaspaceReclaimPolicy: balanced
 - commit_granule_bytes: 65536.
 - commit_granule_words: 8192.
 - virtual_space_node_default_size: 8388608.
 - enlarge_chunks_in_place: 1.
 - new_chunks_are_fully_committed: 0.
 - uncommit_free_chunks: 1.
 - use_allocation_guard: 0.


Internal statistics:

num_allocs_failed_limit: 9.
num_arena_births: 3896.
num_arena_deaths: 0.
num_vsnodes_births: 3.
num_vsnodes_deaths: 0.
num_space_committed: 1368.
num_space_uncommitted: 0.
num_chunks_returned_to_freelist: 9.
num_chunks_taken_from_freelist: 8040.
num_chunk_merges: 9.
num_chunk_splits: 5140.
num_chunks_enlarged: 3152.
num_inconsistent_stats: 0.

CodeHeap 'non-profiled nmethods': size=120000Kb used=5827Kb max_used=5827Kb free=114172Kb
 bounds [0x00000200cc790000, 0x00000200ccd60000, 0x00000200d3cc0000]
CodeHeap 'profiled nmethods': size=120000Kb used=19012Kb max_used=19886Kb free=100987Kb
 bounds [0x00000200c4cc0000, 0x00000200c6040000, 0x00000200cc1f0000]
CodeHeap 'non-nmethods': size=5760Kb used=2483Kb max_used=2536Kb free=3276Kb
 bounds [0x00000200cc1f0000, 0x00000200cc470000, 0x00000200cc790000]
 total_blobs=10990 nmethods=10059 adapters=841
 compilation: enabled
              stopped_count=0, restarted_count=0
 full_count=0

Compilation events (20 events):
Event: 68.581 Thread 0x00000200dba802a0 nmethod 11873 0x00000200ccbbf810 code [0x00000200ccbbf9a0, 0x00000200ccbbfa58]
Event: 68.582 Thread 0x00000200dba802a0 11875   !   3       org.gradle.api.internal.DefaultNamedDomainObjectCollection::applyRules (109 bytes)
Event: 68.583 Thread 0x00000200dba802a0 nmethod 11875 0x00000200c563af90 code [0x00000200c563b1e0, 0x00000200c563bcc8]
Event: 68.587 Thread 0x00000200e548de70 nmethod 11831 0x00000200cccf5910 code [0x00000200cccf5b60, 0x00000200cccf6740]
Event: 68.587 Thread 0x00000200e548de70 11836       4       java.lang.StringConcatHelper::mix (27 bytes)
Event: 68.588 Thread 0x00000200e548de70 nmethod 11836 0x00000200cccf5590 code [0x00000200cccf5720, 0x00000200cccf57d8]
Event: 68.588 Thread 0x00000200e548de70 11861       4       org.gradle.internal.deprecation.DeprecationLogger::maybeEnable (24 bytes)
Event: 68.592 Thread 0x00000200e548de70 nmethod 11861 0x00000200ccbbf110 code [0x00000200ccbbf2e0, 0x00000200ccbbf528]
Event: 68.592 Thread 0x00000200e548de70 11859       4       org.gradle.internal.deprecation.DeprecationLogger::disable (24 bytes)
Event: 68.596 Thread 0x00000200e548de70 nmethod 11859 0x00000200ccbbea10 code [0x00000200ccbbebe0, 0x00000200ccbbee28]
Event: 68.596 Thread 0x00000200e548de70 11830       4       org.objectweb.asm.ByteVector::putShort (52 bytes)
Event: 68.598 Thread 0x00000200e548de70 nmethod 11830 0x00000200cccf5190 code [0x00000200cccf5320, 0x00000200cccf5458]
Event: 68.651 Thread 0x00000200dba802a0 11876       3       org.gradle.model.internal.registry.ModelGraph::find (14 bytes)
Event: 68.652 Thread 0x00000200dba802a0 nmethod 11876 0x00000200c5411210 code [0x00000200c54113c0, 0x00000200c5411688]
Event: 68.652 Thread 0x00000200dba802a0 11877       3       org.gradle.api.internal.project.DefaultProject::identityPath (9 bytes)
Event: 68.653 Thread 0x00000200dba802a0 nmethod 11877 0x00000200c5667f10 code [0x00000200c56680c0, 0x00000200c5668348]
Event: 68.751 Thread 0x00000200dba802a0 11878       3       java.util.StringTokenizer::skipDelimiters (116 bytes)
Event: 68.753 Thread 0x00000200dba802a0 nmethod 11878 0x00000200c532ea90 code [0x00000200c532ed40, 0x00000200c532fa88]
Event: 68.753 Thread 0x00000200dba802a0 11879       3       org.gradle.tooling.internal.provider.runner.PluginApplicationTracker$$Lambda$1367/0x0000000801996dd0::apply (14 bytes)
Event: 68.754 Thread 0x00000200dba802a0 nmethod 11879 0x00000200c5667990 code [0x00000200c5667b40, 0x00000200c5667e08]

GC Heap History (20 events):
Event: 46.361 GC heap before
{Heap before GC invocations=19 (full 0):
 garbage-first heap   total 164864K, used 132017K [0x0000000080000000, 0x0000000100000000)
  region size 1024K, 66 young (67584K), 1 survivors (1024K)
 Metaspace       used 68004K, committed 69952K, reserved 487424K
  class space    used 9462K, committed 10496K, reserved 421888K
}
Event: 46.367 GC heap after
{Heap after GC invocations=20 (full 0):
 garbage-first heap   total 164864K, used 69931K [0x0000000080000000, 0x0000000100000000)
  region size 1024K, 6 young (6144K), 6 survivors (6144K)
 Metaspace       used 68004K, committed 69952K, reserved 487424K
  class space    used 9462K, committed 10496K, reserved 421888K
}
Event: 55.329 GC heap before
{Heap before GC invocations=20 (full 0):
 garbage-first heap   total 164864K, used 130347K [0x0000000080000000, 0x0000000100000000)
  region size 1024K, 66 young (67584K), 6 survivors (6144K)
 Metaspace       used 72620K, committed 74624K, reserved 487424K
  class space    used 10196K, committed 11264K, reserved 421888K
}
Event: 55.346 GC heap after
{Heap after GC invocations=21 (full 0):
 garbage-first heap   total 164864K, used 74633K [0x0000000080000000, 0x0000000100000000)
  region size 1024K, 6 young (6144K), 6 survivors (6144K)
 Metaspace       used 72620K, committed 74624K, reserved 487424K
  class space    used 10196K, committed 11264K, reserved 421888K
}
Event: 58.749 GC heap before
{Heap before GC invocations=21 (full 0):
 garbage-first heap   total 164864K, used 129929K [0x0000000080000000, 0x0000000100000000)
  region size 1024K, 61 young (62464K), 6 survivors (6144K)
 Metaspace       used 74710K, committed 76864K, reserved 552960K
  class space    used 10457K, committed 11584K, reserved 421888K
}
Event: 58.760 GC heap after
{Heap after GC invocations=22 (full 0):
 garbage-first heap   total 164864K, used 81321K [0x0000000080000000, 0x0000000100000000)
  region size 1024K, 8 young (8192K), 8 survivors (8192K)
 Metaspace       used 74710K, committed 76864K, reserved 552960K
  class space    used 10457K, committed 11584K, reserved 421888K
}
Event: 60.673 GC heap before
{Heap before GC invocations=22 (full 0):
 garbage-first heap   total 164864K, used 130473K [0x0000000080000000, 0x0000000100000000)
  region size 1024K, 57 young (58368K), 8 survivors (8192K)
 Metaspace       used 75172K, committed 77312K, reserved 552960K
  class space    used 10464K, committed 11584K, reserved 421888K
}
Event: 60.682 GC heap after
{Heap after GC invocations=23 (full 0):
 garbage-first heap   total 164864K, used 84032K [0x0000000080000000, 0x0000000100000000)
  region size 1024K, 6 young (6144K), 6 survivors (6144K)
 Metaspace       used 75172K, committed 77312K, reserved 552960K
  class space    used 10464K, committed 11584K, reserved 421888K
}
Event: 61.591 GC heap before
{Heap before GC invocations=23 (full 0):
 garbage-first heap   total 164864K, used 130112K [0x0000000080000000, 0x0000000100000000)
  region size 1024K, 52 young (53248K), 6 survivors (6144K)
 Metaspace       used 75195K, committed 77312K, reserved 552960K
  class space    used 10464K, committed 11584K, reserved 421888K
}
Event: 61.598 GC heap after
{Heap after GC invocations=24 (full 0):
 garbage-first heap   total 164864K, used 85584K [0x0000000080000000, 0x0000000100000000)
  region size 1024K, 4 young (4096K), 4 survivors (4096K)
 Metaspace       used 75195K, committed 77312K, reserved 552960K
  class space    used 10464K, committed 11584K, reserved 421888K
}
Event: 62.778 GC heap before
{Heap before GC invocations=24 (full 0):
 garbage-first heap   total 164864K, used 132688K [0x0000000080000000, 0x0000000100000000)
  region size 1024K, 51 young (52224K), 4 survivors (4096K)
 Metaspace       used 75200K, committed 77312K, reserved 552960K
  class space    used 10464K, committed 11584K, reserved 421888K
}
Event: 62.789 GC heap after
{Heap after GC invocations=25 (full 0):
 garbage-first heap   total 164864K, used 86352K [0x0000000080000000, 0x0000000100000000)
  region size 1024K, 5 young (5120K), 5 survivors (5120K)
 Metaspace       used 75200K, committed 77312K, reserved 552960K
  class space    used 10464K, committed 11584K, reserved 421888K
}
Event: 64.167 GC heap before
{Heap before GC invocations=25 (full 0):
 garbage-first heap   total 164864K, used 140624K [0x0000000080000000, 0x0000000100000000)
  region size 1024K, 52 young (53248K), 5 survivors (5120K)
 Metaspace       used 76515K, committed 78720K, reserved 552960K
  class space    used 10629K, committed 11776K, reserved 421888K
}
Event: 64.175 GC heap after
{Heap after GC invocations=26 (full 0):
 garbage-first heap   total 164864K, used 98408K [0x0000000080000000, 0x0000000100000000)
  region size 1024K, 7 young (7168K), 7 survivors (7168K)
 Metaspace       used 76515K, committed 78720K, reserved 552960K
  class space    used 10629K, committed 11776K, reserved 421888K
}
Event: 65.422 GC heap before
{Heap before GC invocations=26 (full 0):
 garbage-first heap   total 164864K, used 130152K [0x0000000080000000, 0x0000000100000000)
  region size 1024K, 39 young (39936K), 7 survivors (7168K)
 Metaspace       used 79336K, committed 81536K, reserved 552960K
  class space    used 10911K, committed 12032K, reserved 421888K
}
Event: 65.429 GC heap after
{Heap after GC invocations=27 (full 0):
 garbage-first heap   total 164864K, used 100159K [0x0000000080000000, 0x0000000100000000)
  region size 1024K, 2 young (2048K), 2 survivors (2048K)
 Metaspace       used 79336K, committed 81536K, reserved 552960K
  class space    used 10911K, committed 12032K, reserved 421888K
}
Event: 66.758 GC heap before
{Heap before GC invocations=27 (full 0):
 garbage-first heap   total 164864K, used 138047K [0x0000000080000000, 0x0000000100000000)
  region size 1024K, 35 young (35840K), 2 survivors (2048K)
 Metaspace       used 81694K, committed 83840K, reserved 552960K
  class space    used 11194K, committed 12288K, reserved 421888K
}
Event: 66.764 GC heap after
{Heap after GC invocations=28 (full 0):
 garbage-first heap   total 164864K, used 104954K [0x0000000080000000, 0x0000000100000000)
  region size 1024K, 5 young (5120K), 5 survivors (5120K)
 Metaspace       used 81694K, committed 83840K, reserved 552960K
  class space    used 11194K, committed 12288K, reserved 421888K
}
Event: 67.823 GC heap before
{Heap before GC invocations=28 (full 0):
 garbage-first heap   total 164864K, used 133626K [0x0000000080000000, 0x0000000100000000)
  region size 1024K, 34 young (34816K), 5 survivors (5120K)
 Metaspace       used 83741K, committed 85952K, reserved 552960K
  class space    used 11447K, committed 12608K, reserved 421888K
}
Event: 67.829 GC heap after
{Heap after GC invocations=29 (full 0):
 garbage-first heap   total 164864K, used 106716K [0x0000000080000000, 0x0000000100000000)
  region size 1024K, 2 young (2048K), 2 survivors (2048K)
 Metaspace       used 83741K, committed 85952K, reserved 552960K
  class space    used 11447K, committed 12608K, reserved 421888K
}

Dll operation events (15 events):
Event: 0.102 Loaded shared library C:\Program Files\Java\jdk-19\bin\java.dll
Event: 0.363 Loaded shared library C:\Program Files\Java\jdk-19\bin\jsvml.dll
Event: 1.139 Loaded shared library C:\Program Files\Java\jdk-19\bin\zip.dll
Event: 1.170 Loaded shared library C:\Program Files\Java\jdk-19\bin\instrument.dll
Event: 1.242 Loaded shared library C:\Program Files\Java\jdk-19\bin\net.dll
Event: 1.259 Loaded shared library C:\Program Files\Java\jdk-19\bin\nio.dll
Event: 1.274 Loaded shared library C:\Program Files\Java\jdk-19\bin\zip.dll
Event: 3.432 Loaded shared library C:\Program Files\Java\jdk-19\bin\jimage.dll
Event: 4.588 Loaded shared library C:\Program Files\Java\jdk-19\bin\verify.dll
Event: 6.092 Loaded shared library C:\Users\pc\.gradle\native\c067742578af261105cb4f569cf0c3c89f3d7b1fecec35dd04571415982c5e48\windows-amd64\native-platform.dll
Event: 6.134 Loaded shared library C:\Users\pc\.gradle\native\100fb08df4bc3b14c8652ba06237920a3bd2aa13389f12d3474272988ae205f9\windows-amd64\native-platform-file-events.dll
Event: 14.042 Loaded shared library C:\Program Files\Java\jdk-19\bin\management.dll
Event: 14.075 Loaded shared library C:\Program Files\Java\jdk-19\bin\management_ext.dll
Event: 15.846 Loaded shared library C:\Program Files\Java\jdk-19\bin\extnet.dll
Event: 17.303 Loaded shared library C:\Program Files\Java\jdk-19\bin\sunmscapi.dll

Deoptimization events (20 events):
Event: 68.254 Thread 0x00000200e0db8ef0 Uncommon trap: trap_request=0xffffff45 fr.pc=0x00000200cca284b0 relative=0x0000000000000110
Event: 68.254 Thread 0x00000200e0db8ef0 Uncommon trap: reason=unstable_if action=reinterpret pc=0x00000200cca284b0 method=org.objectweb.asm.ByteVector.putInt(I)Lorg/objectweb/asm/ByteVector; @ 13 c2
Event: 68.254 Thread 0x00000200e0db8ef0 DEOPT PACKING pc=0x00000200cca284b0 sp=0x0000006236ff3480
Event: 68.254 Thread 0x00000200e0db8ef0 DEOPT UNPACKING pc=0x00000200cc256da3 sp=0x0000006236ff3408 mode 2
Event: 68.457 Thread 0x00000200e0db8ef0 Uncommon trap: trap_request=0xffffff45 fr.pc=0x00000200cca7f338 relative=0x00000000000002f8
Event: 68.458 Thread 0x00000200e0db8ef0 Uncommon trap: reason=unstable_if action=reinterpret pc=0x00000200cca7f338 method=org.gradle.internal.reflect.PropertyAccessorType.of(Ljava/lang/reflect/Method;)Lorg/gradle/internal/reflect/PropertyAccessorType; @ 56 c2
Event: 68.458 Thread 0x00000200e0db8ef0 DEOPT PACKING pc=0x00000200cca7f338 sp=0x0000006236ff3a10
Event: 68.458 Thread 0x00000200e0db8ef0 DEOPT UNPACKING pc=0x00000200cc256da3 sp=0x0000006236ff39d0 mode 2
Event: 68.544 Thread 0x00000200e0db8ef0 Uncommon trap: trap_request=0xffffff45 fr.pc=0x00000200cc9582c8 relative=0x0000000000000128
Event: 68.544 Thread 0x00000200e0db8ef0 Uncommon trap: reason=unstable_if action=reinterpret pc=0x00000200cc9582c8 method=org.objectweb.asm.ByteVector.putByteArray([BII)Lorg/objectweb/asm/ByteVector; @ 20 c2
Event: 68.544 Thread 0x00000200e0db8ef0 DEOPT PACKING pc=0x00000200cc9582c8 sp=0x0000006236ff2c30
Event: 68.544 Thread 0x00000200e0db8ef0 DEOPT UNPACKING pc=0x00000200cc256da3 sp=0x0000006236ff2c00 mode 2
Event: 68.544 Thread 0x00000200e0db8ef0 Uncommon trap: trap_request=0xffffff45 fr.pc=0x00000200cc7b20b4 relative=0x00000000000009f4
Event: 68.544 Thread 0x00000200e0db8ef0 Uncommon trap: reason=unstable_if action=reinterpret pc=0x00000200cc7b20b4 method=org.objectweb.asm.Label.resolve([BLorg/objectweb/asm/ByteVector;I)Z @ 81 c2
Event: 68.544 Thread 0x00000200e0db8ef0 DEOPT PACKING pc=0x00000200cc7b20b4 sp=0x0000006236ff2c60
Event: 68.544 Thread 0x00000200e0db8ef0 DEOPT UNPACKING pc=0x00000200cc256da3 sp=0x0000006236ff2b88 mode 2
Event: 68.544 Thread 0x00000200e0db8ef0 Uncommon trap: trap_request=0xffffff45 fr.pc=0x00000200cc7b9eec relative=0x000000000000024c
Event: 68.544 Thread 0x00000200e0db8ef0 Uncommon trap: reason=unstable_if action=reinterpret pc=0x00000200cc7b9eec method=org.objectweb.asm.Label.resolve([BLorg/objectweb/asm/ByteVector;I)Z @ 81 c2
Event: 68.544 Thread 0x00000200e0db8ef0 DEOPT PACKING pc=0x00000200cc7b9eec sp=0x0000006236ff2be0
Event: 68.544 Thread 0x00000200e0db8ef0 DEOPT UNPACKING pc=0x00000200cc256da3 sp=0x0000006236ff2b70 mode 2

Classes loaded (20 events):
Event: 66.459 Loading class java/util/Base64$Decoder
Event: 66.460 Loading class java/util/Base64$Decoder done
Event: 66.460 Loading class java/util/Base64$Encoder
Event: 66.461 Loading class java/util/Base64$Encoder done
Event: 66.464 Loading class java/util/jar/JarVerifier$VerifierStream
Event: 66.466 Loading class java/util/jar/JarVerifier$VerifierStream done
Event: 66.467 Loading class sun/security/util/ManifestEntryVerifier$SunProviderHolder
Event: 66.467 Loading class sun/security/util/ManifestEntryVerifier$SunProviderHolder done
Event: 67.086 Loading class java/lang/foreign/ValueLayout
Event: 67.088 Loading class java/lang/foreign/MemoryLayout
Event: 67.090 Loading class java/lang/foreign/MemoryLayout done
Event: 67.090 Loading class java/lang/foreign/AbstractLayout
Event: 67.091 Loading class java/lang/foreign/AbstractLayout done
Event: 67.091 Loading class java/lang/foreign/ValueLayout done
Event: 67.852 Loading class java/security/KeyStore
Event: 67.854 Loading class java/security/KeyStore done
Event: 67.854 Loading class java/security/KeyStore$1
Event: 67.855 Loading class java/security/KeyStore$1 done
Event: 68.375 Loading class javax/xml/stream/XMLStreamException
Event: 68.381 Loading class javax/xml/stream/XMLStreamException done

Classes unloaded (0 events):
No events

Classes redefined (0 events):
No events

Internal exceptions (20 events):
Event: 58.216 Thread 0x00000200e0db8ef0 Exception <a 'java/lang/ClassNotFoundException'{0x00000000870ba3b0}: org/gradle/api/internal/artifacts/dsl/DefaultRepositoryHandler_DecoratedCustomizer> (0x00000000870ba3b0) 
thrown [s\open\src\hotspot\share\classfile\systemDictionary.cpp, line 255]
Event: 58.239 Thread 0x00000200e0db8ef0 Exception <a 'java/lang/ClassNotFoundException'{0x0000000086f5d118}: org/gradle/api/internal/artifacts/dsl/dependencies/DefaultDependencyHandler_DecoratedBeanInfo> (0x0000000086f5d118) 
thrown [s\open\src\hotspot\share\classfile\systemDictionary.cpp, line 255]
Event: 58.241 Thread 0x00000200e0db8ef0 Exception <a 'java/lang/ClassNotFoundException'{0x0000000086f72330}: org/gradle/api/internal/artifacts/dsl/dependencies/DefaultDependencyHandlerBeanInfo> (0x0000000086f72330) 
thrown [s\open\src\hotspot\share\classfile\systemDictionary.cpp, line 255]
Event: 58.242 Thread 0x00000200e0db8ef0 Exception <a 'java/lang/ClassNotFoundException'{0x0000000086f87788}: org/gradle/api/internal/artifacts/dsl/dependencies/DefaultDependencyHandlerCustomizer> (0x0000000086f87788) 
thrown [s\open\src\hotspot\share\classfile\systemDictionary.cpp, line 255]
Event: 58.249 Thread 0x00000200e0db8ef0 Exception <a 'java/lang/ClassNotFoundException'{0x0000000086fc4d80}: org/gradle/api/internal/artifacts/dsl/dependencies/DefaultDependencyHandler_DecoratedCustomizer> (0x0000000086fc4d80) 
thrown [s\open\src\hotspot\share\classfile\systemDictionary.cpp, line 255]
Event: 59.710 Thread 0x00000200e52d1330 Exception <a 'sun/nio/fs/WindowsException'{0x00000000892cd338}> (0x00000000892cd338) 
thrown [s\open\src\hotspot\share\prims\jni.cpp, line 517]
Event: 59.712 Thread 0x00000200e52d1330 Exception <a 'sun/nio/fs/WindowsException'{0x00000000892ddc70}> (0x00000000892ddc70) 
thrown [s\open\src\hotspot\share\prims\jni.cpp, line 517]
Event: 59.717 Thread 0x00000200e52d1330 Exception <a 'sun/nio/fs/WindowsException'{0x00000000892e0138}> (0x00000000892e0138) 
thrown [s\open\src\hotspot\share\prims\jni.cpp, line 517]
Event: 59.720 Thread 0x00000200e52d1330 Exception <a 'sun/nio/fs/WindowsException'{0x00000000892e2278}> (0x00000000892e2278) 
thrown [s\open\src\hotspot\share\prims\jni.cpp, line 517]
Event: 60.691 Thread 0x00000200e3baf380 Implicit null exception at 0x00000200cccb5ae6 to 0x00000200cccb6274
Event: 60.691 Thread 0x00000200e3bb18b0 Implicit null exception at 0x00000200cccb5ae6 to 0x00000200cccb6274
Event: 63.286 Thread 0x00000200e0db8ef0 Exception <a 'java/lang/ClassNotFoundException'{0x0000000088d43808}: build_6djxcjq6ojvff55qwv3mda6h9BeanInfo> (0x0000000088d43808) 
thrown [s\open\src\hotspot\share\classfile\systemDictionary.cpp, line 255]
Event: 63.287 Thread 0x00000200e0db8ef0 Exception <a 'java/lang/ClassNotFoundException'{0x0000000088d4a128}: build_6djxcjq6ojvff55qwv3mda6h9Customizer> (0x0000000088d4a128) 
thrown [s\open\src\hotspot\share\classfile\systemDictionary.cpp, line 255]
Event: 63.655 Thread 0x00000200e0db8ef0 Exception <a 'java/lang/ClassNotFoundException'{0x00000000887ff4d8}: org/gradle/api/internal/plugins/DefaultObjectConfigurationActionBeanInfo> (0x00000000887ff4d8) 
thrown [s\open\src\hotspot\share\classfile\systemDictionary.cpp, line 255]
Event: 63.656 Thread 0x00000200e0db8ef0 Exception <a 'java/lang/ClassNotFoundException'{0x0000000088611e98}: org/gradle/api/internal/plugins/DefaultObjectConfigurationActionCustomizer> (0x0000000088611e98) 
thrown [s\open\src\hotspot\share\classfile\systemDictionary.cpp, line 255]
Event: 63.737 Thread 0x00000200e0db8ef0 Exception <a 'java/lang/ClassNotFoundException'{0x00000000885d4de8}: build_abzgzapfjq5g25ckp6j4vj7ltBeanInfo> (0x00000000885d4de8) 
thrown [s\open\src\hotspot\share\classfile\systemDictionary.cpp, line 255]
Event: 63.738 Thread 0x00000200e0db8ef0 Exception <a 'java/lang/ClassNotFoundException'{0x00000000885e1b90}: build_abzgzapfjq5g25ckp6j4vj7ltCustomizer> (0x00000000885e1b90) 
thrown [s\open\src\hotspot\share\classfile\systemDictionary.cpp, line 255]
Event: 66.330 Thread 0x00000200e0db8ef0 Implicit null exception at 0x00000200cc98d4ac to 0x00000200cc98d5de
Event: 66.599 Thread 0x00000200e0db8ef0 Exception <a 'sun/nio/fs/WindowsException'{0x0000000088434b28}> (0x0000000088434b28) 
thrown [s\open\src\hotspot\share\prims\jni.cpp, line 517]
Event: 68.544 Thread 0x00000200e0db8ef0 Implicit null exception at 0x00000200cc9581e8 to 0x00000200cc9582a8

VM Operations (20 events):
Event: 63.436 Executing VM operation: HandshakeAllThreads
Event: 63.436 Executing VM operation: HandshakeAllThreads done
Event: 64.167 Executing VM operation: G1CollectForAllocation
Event: 64.175 Executing VM operation: G1CollectForAllocation done
Event: 65.182 Executing VM operation: Cleanup
Event: 65.199 Executing VM operation: Cleanup done
Event: 65.422 Executing VM operation: G1CollectForAllocation
Event: 65.430 Executing VM operation: G1CollectForAllocation done
Event: 66.201 Executing VM operation: HandshakeAllThreads
Event: 66.202 Executing VM operation: HandshakeAllThreads done
Event: 66.360 Executing VM operation: HandshakeAllThreads
Event: 66.360 Executing VM operation: HandshakeAllThreads done
Event: 66.363 Executing VM operation: HandshakeAllThreads
Event: 66.364 Executing VM operation: HandshakeAllThreads done
Event: 66.758 Executing VM operation: G1CollectForAllocation
Event: 66.764 Executing VM operation: G1CollectForAllocation done
Event: 67.773 Executing VM operation: Cleanup
Event: 67.774 Executing VM operation: Cleanup done
Event: 67.823 Executing VM operation: G1CollectForAllocation
Event: 67.829 Executing VM operation: G1CollectForAllocation done

Events (20 events):
Event: 63.096 Thread 0x00000200dba84030 flushing nmethod 0x00000200c5ce5290
Event: 63.097 Thread 0x00000200dba84030 flushing nmethod 0x00000200c5d67810
Event: 63.097 Thread 0x00000200dba84030 flushing nmethod 0x00000200c5d71410
Event: 63.097 Thread 0x00000200dba84030 flushing nmethod 0x00000200c5d85610
Event: 63.097 Thread 0x00000200dba84030 flushing nmethod 0x00000200c5d9a410
Event: 63.097 Thread 0x00000200dba84030 flushing nmethod 0x00000200c5dacf10
Event: 63.097 Thread 0x00000200dba84030 flushing nmethod 0x00000200c5dcfd90
Event: 63.098 Thread 0x00000200dba84030 flushing nmethod 0x00000200c5eb3390
Event: 63.099 Thread 0x00000200dba84030 flushing nmethod 0x00000200c5f1f510
Event: 63.099 Thread 0x00000200dba84030 flushing nmethod 0x00000200c5fabd90
Event: 63.099 Thread 0x00000200dba84030 flushing nmethod 0x00000200c6010390
Event: 63.099 Thread 0x00000200dba84030 flushing nmethod 0x00000200c6012c90
Event: 63.253 Thread 0x00000200e3a31540 Thread added: 0x00000200e3a31540
Event: 63.712 Thread 0x00000200e3a2a060 Thread added: 0x00000200e3a2a060
Event: 63.725 Thread 0x00000200e3a2f010 Thread added: 0x00000200e3a2f010
Event: 64.248 Thread 0x00000200e46c48d0 Thread exited: 0x00000200e46c48d0
Event: 65.623 Thread 0x00000200e548e400 Thread added: 0x00000200e548e400
Event: 68.418 Thread 0x00000200e548e400 Thread exited: 0x00000200e548e400
Event: 68.557 Thread 0x00000200e548de70 Thread added: 0x00000200e548de70
Event: 68.751 Thread 0x00000200e548de70 Thread exited: 0x00000200e548de70


Dynamic libraries:
0x00007ff67c700000 - 0x00007ff67c710000 	C:\Program Files\Java\jdk-19\bin\java.exe
0x00007ffbad010000 - 0x00007ffbad227000 	C:\WINDOWS\SYSTEM32\ntdll.dll
0x00007ffbac0f0000 - 0x00007ffbac1b4000 	C:\WINDOWS\System32\KERNEL32.DLL
0x00007ffbaa5f0000 - 0x00007ffbaa996000 	C:\WINDOWS\System32\KERNELBASE.dll
0x00007ffbaa370000 - 0x00007ffbaa481000 	C:\WINDOWS\System32\ucrtbase.dll
0x00007ffb98980000 - 0x00007ffb98998000 	C:\Program Files\Java\jdk-19\bin\jli.dll
0x00007ffbaad50000 - 0x00007ffbaae01000 	C:\WINDOWS\System32\ADVAPI32.dll
0x00007ffb98960000 - 0x00007ffb9897b000 	C:\Program Files\Java\jdk-19\bin\VCRUNTIME140.dll
0x00007ffbabdb0000 - 0x00007ffbabe57000 	C:\WINDOWS\System32\msvcrt.dll
0x00007ffbacdc0000 - 0x00007ffbace65000 	C:\WINDOWS\System32\sechost.dll
0x00007ffbaae10000 - 0x00007ffbaaf27000 	C:\WINDOWS\System32\RPCRT4.dll
0x00007ffbacab0000 - 0x00007ffbacc5e000 	C:\WINDOWS\System32\USER32.dll
0x00007ffbaaa90000 - 0x00007ffbaaab6000 	C:\WINDOWS\System32\win32u.dll
0x00007ffbacd90000 - 0x00007ffbacdb9000 	C:\WINDOWS\System32\GDI32.dll
0x00007ffbaac30000 - 0x00007ffbaad48000 	C:\WINDOWS\System32\gdi32full.dll
0x00007ffbaa550000 - 0x00007ffbaa5ea000 	C:\WINDOWS\System32\msvcp_win.dll
0x00007ffb9deb0000 - 0x00007ffb9e143000 	C:\WINDOWS\WinSxS\amd64_microsoft.windows.common-controls_6595b64144ccf1df_6.0.22621.2706_none_270c5aa17388e1a2\COMCTL32.dll
0x00007ffba1920000 - 0x00007ffba192a000 	C:\WINDOWS\SYSTEM32\VERSION.dll
0x00007ffbac8f0000 - 0x00007ffbac921000 	C:\WINDOWS\System32\IMM32.DLL
0x00007ffb98930000 - 0x00007ffb9893c000 	C:\Program Files\Java\jdk-19\bin\vcruntime140_1.dll
0x00007ffb76d30000 - 0x00007ffb76dbe000 	C:\Program Files\Java\jdk-19\bin\msvcp140.dll
0x00007ffb68a80000 - 0x00007ffb69740000 	C:\Program Files\Java\jdk-19\bin\server\jvm.dll
0x00007ffb98240000 - 0x00007ffb98249000 	C:\WINDOWS\SYSTEM32\WSOCK32.dll
0x00007ffbacf50000 - 0x00007ffbacfc1000 	C:\WINDOWS\System32\WS2_32.dll
0x00007ffba18e0000 - 0x00007ffba1914000 	C:\WINDOWS\SYSTEM32\WINMM.dll
0x00007ffba93e0000 - 0x00007ffba93f8000 	C:\WINDOWS\SYSTEM32\kernel.appcore.dll
0x00007ffb96bd0000 - 0x00007ffb96bda000 	C:\Program Files\Java\jdk-19\bin\jimage.dll
0x00007ffb9ee90000 - 0x00007ffb9f0c3000 	C:\WINDOWS\SYSTEM32\DBGHELP.DLL
0x00007ffbaaf30000 - 0x00007ffbab2b9000 	C:\WINDOWS\System32\combase.dll
0x00007ffbace70000 - 0x00007ffbacf47000 	C:\WINDOWS\System32\OLEAUT32.dll
0x00007ffb9e320000 - 0x00007ffb9e352000 	C:\WINDOWS\SYSTEM32\dbgcore.DLL
0x00007ffbaa9a0000 - 0x00007ffbaaa1a000 	C:\WINDOWS\System32\bcryptPrimitives.dll
0x00007ffb960e0000 - 0x00007ffb960ee000 	C:\Program Files\Java\jdk-19\bin\instrument.dll
0x00007ffb8ceb0000 - 0x00007ffb8ced6000 	C:\Program Files\Java\jdk-19\bin\java.dll
0x00007ffb71370000 - 0x00007ffb71447000 	C:\Program Files\Java\jdk-19\bin\jsvml.dll
0x00007ffbab350000 - 0x00007ffbabba8000 	C:\WINDOWS\System32\SHELL32.dll
0x00007ffba8260000 - 0x00007ffba8b55000 	C:\WINDOWS\SYSTEM32\windows.storage.dll
0x00007ffba8120000 - 0x00007ffba825e000 	C:\WINDOWS\SYSTEM32\wintypes.dll
0x00007ffbacc60000 - 0x00007ffbacd53000 	C:\WINDOWS\System32\SHCORE.dll
0x00007ffbac090000 - 0x00007ffbac0ee000 	C:\WINDOWS\System32\shlwapi.dll
0x00007ffbaa2a0000 - 0x00007ffbaa2c6000 	C:\WINDOWS\SYSTEM32\profapi.dll
0x00007ffb950a0000 - 0x00007ffb950b8000 	C:\Program Files\Java\jdk-19\bin\zip.dll
0x00007ffb88cf0000 - 0x00007ffb88d03000 	C:\Program Files\Java\jdk-19\bin\net.dll
0x00007ffba3680000 - 0x00007ffba37b7000 	C:\WINDOWS\SYSTEM32\WINHTTP.dll
0x00007ffba9860000 - 0x00007ffba98c9000 	C:\WINDOWS\system32\mswsock.dll
0x00007ffb88c30000 - 0x00007ffb88c46000 	C:\Program Files\Java\jdk-19\bin\nio.dll
0x00007ffb960d0000 - 0x00007ffb960e0000 	C:\Program Files\Java\jdk-19\bin\verify.dll
0x00007ffb98a00000 - 0x00007ffb98a27000 	C:\Users\pc\.gradle\native\c067742578af261105cb4f569cf0c3c89f3d7b1fecec35dd04571415982c5e48\windows-amd64\native-platform.dll
0x00007ffb6c7c0000 - 0x00007ffb6c904000 	C:\Users\pc\.gradle\native\100fb08df4bc3b14c8652ba06237920a3bd2aa13389f12d3474272988ae205f9\windows-amd64\native-platform-file-events.dll
0x00007ffb957a0000 - 0x00007ffb957aa000 	C:\Program Files\Java\jdk-19\bin\management.dll
0x00007ffb94390000 - 0x00007ffb9439b000 	C:\Program Files\Java\jdk-19\bin\management_ext.dll
0x00007ffbacd60000 - 0x00007ffbacd68000 	C:\WINDOWS\System32\PSAPI.DLL
0x00007ffba9b30000 - 0x00007ffba9b4b000 	C:\WINDOWS\SYSTEM32\CRYPTSP.dll
0x00007ffba9340000 - 0x00007ffba9375000 	C:\WINDOWS\system32\rsaenh.dll
0x00007ffba99d0000 - 0x00007ffba99fc000 	C:\WINDOWS\SYSTEM32\USERENV.dll
0x00007ffba9d20000 - 0x00007ffba9d48000 	C:\WINDOWS\SYSTEM32\bcrypt.dll
0x00007ffba9b50000 - 0x00007ffba9b5c000 	C:\WINDOWS\SYSTEM32\CRYPTBASE.dll
0x00007ffba8de0000 - 0x00007ffba8e0d000 	C:\WINDOWS\SYSTEM32\IPHLPAPI.DLL
0x00007ffbab340000 - 0x00007ffbab349000 	C:\WINDOWS\System32\NSI.dll
0x00007ffba3f20000 - 0x00007ffba3f39000 	C:\WINDOWS\SYSTEM32\dhcpcsvc6.DLL
0x00007ffba3940000 - 0x00007ffba395f000 	C:\WINDOWS\SYSTEM32\dhcpcsvc.DLL
0x00007ffba8e10000 - 0x00007ffba8f09000 	C:\WINDOWS\SYSTEM32\DNSAPI.dll
0x00007ffb93c90000 - 0x00007ffb93c98000 	C:\Program Files\Java\jdk-19\bin\extnet.dll
0x00007ffb93950000 - 0x00007ffb9395e000 	C:\Program Files\Java\jdk-19\bin\sunmscapi.dll
0x00007ffbaaac0000 - 0x00007ffbaac26000 	C:\WINDOWS\System32\CRYPT32.dll
0x00007ffba9cf0000 - 0x00007ffba9d1d000 	C:\WINDOWS\SYSTEM32\ncrypt.dll
0x00007ffba9cb0000 - 0x00007ffba9ce7000 	C:\WINDOWS\SYSTEM32\NTASN1.dll
0x00007ffb9ac50000 - 0x00007ffb9ac58000 	C:\WINDOWS\system32\wshunix.dll
0x00007ffb6b1b0000 - 0x00007ffb6b1c7000 	C:\WINDOWS\system32\napinsp.dll
0x00007ffb6af60000 - 0x00007ffb6af7b000 	C:\WINDOWS\system32\pnrpnsp.dll
0x00007ffb6aeb0000 - 0x00007ffb6aec1000 	C:\WINDOWS\System32\winrnr.dll
0x00007ffba37c0000 - 0x00007ffba37d5000 	C:\WINDOWS\system32\wshbth.dll
0x00007ffb6ae80000 - 0x00007ffb6aea1000 	C:\WINDOWS\system32\nlansp_c.dll
0x00007ffba2910000 - 0x00007ffba291a000 	C:\Windows\System32\rasadhlp.dll
0x00007ffba1390000 - 0x00007ffba1413000 	C:\WINDOWS\System32\fwpuclnt.dll

dbghelp: loaded successfully - version: 4.0.5 - missing functions: none
symbol engine: initialized successfully - sym options: 0x614 - pdb path: .;C:\Program Files\Java\jdk-19\bin;C:\WINDOWS\SYSTEM32;C:\WINDOWS\WinSxS\amd64_microsoft.windows.common-controls_6595b64144ccf1df_6.0.22621.2706_none_270c5aa17388e1a2;C:\Program Files\Java\jdk-19\bin\server;C:\Users\pc\.gradle\native\c067742578af261105cb4f569cf0c3c89f3d7b1fecec35dd04571415982c5e48\windows-amd64;C:\Users\pc\.gradle\native\100fb08df4bc3b14c8652ba06237920a3bd2aa13389f12d3474272988ae205f9\windows-amd64

VM Arguments:
jvm_args: -XX:MaxMetaspaceSize=512m --add-opens=java.base/java.util=ALL-UNNAMED --add-opens=java.base/java.lang=ALL-UNNAMED --add-opens=java.base/java.lang.invoke=ALL-UNNAMED --add-opens=java.prefs/java.util.prefs=ALL-UNNAMED --add-exports=jdk.compiler/com.sun.tools.javac.api=ALL-UNNAMED --add-exports=jdk.compiler/com.sun.tools.javac.util=ALL-UNNAMED --add-opens=java.base/java.nio.charset=ALL-UNNAMED --add-opens=java.base/java.net=ALL-UNNAMED --add-opens=java.base/java.util.concurrent.atomic=ALL-UNNAMED -Xmx2048m -Dfile.encoding=UTF-8 -Duser.country=IN -Duser.language=en -Duser.variant -javaagent:C:\Users\pc\.gradle\wrapper\dists\gradle-8.9-all\6m0mbzute7p0zdleavqlib88a\gradle-8.9\lib\agents\gradle-instrumentation-agent-8.9.jar 
java_command: org.gradle.launcher.daemon.bootstrap.GradleDaemon 8.9
java_class_path (initial): C:\Users\pc\.gradle\wrapper\dists\gradle-8.9-all\6m0mbzute7p0zdleavqlib88a\gradle-8.9\lib\gradle-daemon-main-8.9.jar
Launcher Type: SUN_STANDARD

[Global flags]
     intx CICompilerCount                          = 4                                         {product} {ergonomic}
   size_t CompressedClassSpaceSize                 = 432013312                                 {product} {ergonomic}
     uint ConcGCThreads                            = 3                                         {product} {ergonomic}
     uint G1ConcRefinementThreads                  = 10                                        {product} {ergonomic}
   size_t G1HeapRegionSize                         = 1048576                                   {product} {ergonomic}
    uintx GCDrainStackTargetSize                   = 64                                        {product} {ergonomic}
   size_t InitialHeapSize                          = 125829120                                 {product} {ergonomic}
   size_t MarkStackSize                            = 4194304                                   {product} {ergonomic}
   size_t MaxHeapSize                              = 2147483648                                {product} {command line}
   size_t MaxMetaspaceSize                         = 536870912                                 {product} {command line}
   size_t MaxNewSize                               = 1287651328                                {product} {ergonomic}
   size_t MinHeapDeltaBytes                        = 1048576                                   {product} {ergonomic}
   size_t MinHeapSize                              = 8388608                                   {product} {ergonomic}
    uintx NonNMethodCodeHeapSize                   = 5839372                                {pd product} {ergonomic}
    uintx NonProfiledCodeHeapSize                  = 122909434                              {pd product} {ergonomic}
    uintx ProfiledCodeHeapSize                     = 122909434                              {pd product} {ergonomic}
    uintx ReservedCodeCacheSize                    = 251658240                              {pd product} {ergonomic}
     bool SegmentedCodeCache                       = true                                      {product} {ergonomic}
   size_t SoftMaxHeapSize                          = 2147483648                             {manageable} {ergonomic}
     bool UseCompressedClassPointers               = true                           {product lp64_product} {ergonomic}
     bool UseCompressedOops                        = true                           {product lp64_product} {ergonomic}
     bool UseG1GC                                  = true                                      {product} {ergonomic}
     bool UseLargePagesIndividualAllocation        = false                                  {pd product} {ergonomic}

Logging:
Log output configuration:
 #0: stdout all=warning uptime,level,tags foldmultilines=false
 #1: stderr all=off uptime,level,tags foldmultilines=false

Environment Variables:
JAVA_HOME=C:\Program Files\Java\jdk-19
CLASSPATH=D:\Projects\AgoraRNApp\App\android\\gradle\wrapper\gradle-wrapper.jar
PATH=D:\Projects\AgoraRNApp\App\node_modules\.bin;D:\Projects\AgoraRNApp\App\node_modules\.bin;D:\Projects\AgoraRNApp\node_modules\.bin;D:\Projects\node_modules\.bin;D:\node_modules\.bin;C:\Users\pc\AppData\Roaming\nvm\v20.17.0\node_modules\npm\node_modules\@npmcli\run-script\lib\node-gyp-bin;D:\Projects\AgoraRNApp\App\node_modules\.bin;D:\Projects\AgoraRNApp\node_modules\.bin;D:\Projects\node_modules\.bin;D:\node_modules\.bin;C:\Users\pc\AppData\Roaming\nvm\v20.17.0\node_modules\npm\node_modules\@npmcli\run-script\lib\node-gyp-bin;C:\Users\pc\.sdkman\candidates\gradle\current\bin;C:\Users\pc\bin;C:\Program Files\Git\mingw64\bin;C:\Program Files\Git\usr\local\bin;C:\Program Files\Git\usr\bin;C:\Program Files\Git\usr\bin;C:\Program Files\Git\mingw64\bin;C:\Program Files\Git\usr\bin;C:\Users\pc\bin;C:\Program Files\Microsoft\jdk-17.0.12.7-hotspot\bin;C:\Program Files\Java\jdk-11\bin;C:\Program Files\Common Files\Oracle\Java\javapath;C:\Windows\system32;C:\Windows;C:\Windows\System32\Wbem;C:\Windows\System32\WindowsPowerShell\v1.0;C:\Windows\System32\OpenSSH;C:\Program Files (x86)\NVIDIA Corporation\PhysX\Common;C:\Program Files\NVIDIA Corporation\NVIDIA NvDLISR;C:\Program Files\Git\cmd;C:\Program Files\Java\jdk-19\bin;C:\WINDOWS\system32;C:\WINDOWS;C:\WINDOWS\System32\Wbem;C:\WINDOWS\System32\WindowsPowerShell\v1.0;C:\WINDOWS\System32\OpenSSH;C:\Program Files\MongoDB\Server\6.0\bin;C:\Program Files\MySQL\MySQL Server 8.0\bin;C:\Users\pc\AppData\Roaming\nvm;C:\Program Files\nodejs;C:\xampp\php;C:\ProgramData\ComposerSetup\bin;C:\ProgramData\chocolatey\bin;C:\Users\pc\AppData\Local\Android\Sdk\platform-tools;C:\Program Files\Docker\Docker\resources\bin;C:\Program Files\dotnet;C:\Program Files\Microsoft\jdk-17.0.12.7-hotspot\bin;C:\Users\pc\AppData\Local\Android\Sdk\platform-tools;C:\Users\pc\AppData\Local\Android\Sdk\tools;C:\Users\pc\AppData\Local\Android\Sdk\tools\bin;C:\Program Files\nodejs;C:\Users\pc\AppData\Local\Programs\Python\Python311\Scripts;C:\Users\pc\AppData\Local\Programs\Python\Python311;C:\Users\pc\AppData\Local\Microsoft\WindowsApps;C:\Users\pc\AppData\Local\Programs\Microsoft VS Code\bin;C:\Users\pc\AppData\Roaming\nvm;C:\Program Files\nodejs;C:\Users\pc\AppData\Roaming\Composer\vendor\bin;C:\Users\pc\AppData\Local\Android\Sdk\platform-tools;C:\flutter3.3.4\flutter\bin;C:\gradle-6.7\bin;C:\Users\pc\AppData\Roaming\npm;C:\Program Files\Git\usr\bin\vendor_perl;C:\Program Files\Git\usr\bin\core_perl
USERNAME=pc
SHELL=C:\Program Files\Git\usr\bin\bash.exe
DISPLAY=needs-to-be-defined
LANG=en_US.UTF-8
TERM=xterm-256color
TMPDIR=C:\Users\pc\AppData\Local\Temp
OS=Windows_NT
PROCESSOR_IDENTIFIER=AMD64 Family 23 Model 96 Stepping 1, AuthenticAMD
TMP=C:\Users\pc\AppData\Local\Temp
TEMP=C:\Users\pc\AppData\Local\Temp



---------------  S Y S T E M  ---------------

OS:
 Windows 11 , 64 bit Build 22621 (10.0.22621.2841)
OS uptime: 22 days 4:30 hours
Hyper-V role detected

CPU: total 12 (initial active 12) (12 cores per cpu, 2 threads per core) family 23 model 96 stepping 1 microcode 0x0, cx8, cmov, fxsr, ht, mmx, 3dnowpref, sse, sse2, sse3, ssse3, sse4a, sse4.1, sse4.2, popcnt, lzcnt, tsc, tscinvbit, avx, avx2, aes, clmul, bmi1, bmi2, adx, sha, fma, vzeroupper, clflush, clflushopt, hv, rdtscp, rdpid

Memory: 4k page, system-wide physical 7597M (437M free)
TotalPageFile size 31149M (AvailPageFile size 35M)
current process WorkingSet (physical memory assigned to process): 404M, peak: 408M
current process commit charge ("private bytes"): 472M, peak: 476M

vm_info: Java HotSpot(TM) 64-Bit Server VM (19+36-2238) for windows-amd64 JRE (19+36-2238), built on 2022-08-12T20:29:01Z by "mach5one" with MS VC++ 17.1 (VS2022)

END.
